[2026-04-11T10:00:01.010Z] 🔍 掃描 TWD 市場動能...

📊 候選幣種動能排名:
  ✅ 1. arbtwd: score=6.35 | turnover=NT$0.1M | vol=12.91% | chg=5.65%
  ✅ 2. soltwd: score=4.57 | turnover=NT$8.0M | vol=2.86% | chg=1.21%
     3. avaxtwd: score=3.65 | turnover=NT$0.0M | vol=6.20% | chg=-5.83%
     4. dogetwd: score=3.21 | turnover=NT$4.5M | vol=3.12% | chg=0.74%
     5. xrptwd: score=1.65 | turnover=NT$1.7M | vol=1.95% | chg=0.91%
     6. dottwd: score=1.48 | turnover=NT$0.1M | vol=3.19% | chg=-0.88%
     7. bnbtwd: score=1.28 | turnover=NT$0.3M | vol=2.35% | chg=1.12%
     8. linktwd: score=1.15 | turnover=NT$0.2M | vol=2.32% | chg=0.73%
     9. ltctwd: score=0.79 | turnover=NT$0.1M | vol=1.56% | chg=0.65%

🎯 本輪幣種: btctwd, ethtwd, arbtwd, soltwd
✅ 已更新 /Users/kid/.openclaw/workspace/workers/money-maker/data/active_markets.json
[2026-04-11T16:00:01.095Z] 🔍 掃描 TWD 市場動能...

📊 候選幣種動能排名:
  ✅ 1. arbtwd: score=4.88 | turnover=NT$0.1M | vol=11.40% | chg=1.34%
  ✅ 2. avaxtwd: score=3.65 | turnover=NT$0.0M | vol=6.20% | chg=-5.83%
     3. soltwd: score=3.30 | turnover=NT$5.7M | vol=2.09% | chg=0.91%
     4. dogetwd: score=2.91 | turnover=NT$4.0M | vol=3.12% | chg=-0.22%
     5. dottwd: score=1.80 | turnover=NT$0.1M | vol=3.19% | chg=-2.46%
     6. xrptwd: score=1.31 | turnover=NT$1.5M | vol=1.70% | chg=-0.05%
     7. linktwd: score=0.89 | turnover=NT$0.1M | vol=1.93% | chg=-0.39%
     8. bnbtwd: score=0.88 | turnover=NT$0.4M | vol=1.59% | chg=-0.38%
     9. ltctwd: score=0.71 | turnover=NT$0.0M | vol=1.56% | chg=-0.36%

🎯 本輪幣種: btctwd, ethtwd, arbtwd, avaxtwd
✅ 已更新 /Users/kid/.openclaw/workspace/workers/money-maker/data/active_markets.json
[2026-04-11T22:00:00.503Z] 🔍 掃描 TWD 市場動能...

📊 候選幣種動能排名:
  ✅ 1. arbtwd: score=4.85 | turnover=NT$0.1M | vol=11.40% | chg=1.19%
  ✅ 2. soltwd: score=2.93 | turnover=NT$4.5M | vol=2.68% | chg=0.23%
     3. avaxtwd: score=1.81 | turnover=NT$0.0M | vol=4.52% | chg=0.00%
     4. dogetwd: score=1.65 | turnover=NT$1.5M | vol=2.59% | chg=-0.09%
     5. xrptwd: score=1.63 | turnover=NT$1.7M | vol=2.35% | chg=0.07%
     6. dottwd: score=1.50 | turnover=NT$0.1M | vol=2.97% | chg=-1.41%
     7. linktwd: score=1.38 | turnover=NT$0.2M | vol=3.26% | chg=0.00%
     8. bnbtwd: score=1.15 | turnover=NT$0.4M | vol=1.83% | chg=1.23%
     9. ltctwd: score=1.10 | turnover=NT$0.0M | vol=2.19% | chg=1.07%

🎯 本輪幣種: btctwd, ethtwd, arbtwd, soltwd
✅ 已更新 /Users/kid/.openclaw/workspace/workers/money-maker/data/active_markets.json
[2026-04-12T04:00:00.921Z] 🔍 掃描 TWD 市場動能...

📊 候選幣種動能排名:
  ✅ 1. dogetwd: score=5.23 | turnover=NT$7.9M | vol=4.00% | chg=-2.44%
  ✅ 2. soltwd: score=5.08 | turnover=NT$6.6M | vol=5.01% | chg=-2.23%
     3. arbtwd: score=4.68 | turnover=NT$0.0M | vol=8.85% | chg=-5.62%
     4. xrptwd: score=3.54 | turnover=NT$4.7M | vol=3.43% | chg=-1.43%
     5. dottwd: score=3.10 | turnover=NT$0.1M | vol=5.81% | chg=-3.79%
     6. linktwd: score=3.02 | turnover=NT$0.3M | vol=5.73% | chg=-3.07%
     7. bnbtwd: score=2.30 | turnover=NT$0.9M | vol=3.91% | chg=-1.96%
     8. avaxtwd: score=2.11 | turnover=NT$0.0M | vol=5.03% | chg=-0.48%
     9. ltctwd: score=1.32 | turnover=NT$0.1M | vol=2.65% | chg=-1.11%

🎯 本輪幣種: btctwd, ethtwd, dogetwd, soltwd
✅ 已更新 /Users/kid/.openclaw/workspace/workers/money-maker/data/active_markets.json
[2026-04-12T10:00:01.112Z] 🔍 掃描 TWD 市場動能...

📊 候選幣種動能排名:
  ✅ 1. soltwd: score=5.21 | turnover=NT$6.7M | vol=5.01% | chg=-2.70%
  ✅ 2. dogetwd: score=5.14 | turnover=NT$7.9M | vol=4.00% | chg=-1.89%
     3. arbtwd: score=4.82 | turnover=NT$0.0M | vol=10.42% | chg=-3.21%
     4. dottwd: score=4.17 | turnover=NT$0.3M | vol=7.88% | chg=-4.45%
     5. xrptwd: score=3.22 | turnover=NT$3.8M | vol=3.43% | chg=-1.69%
     6. linktwd: score=2.85 | turnover=NT$0.2M | vol=5.73% | chg=-2.31%
     7. bnbtwd: score=2.41 | turnover=NT$0.8M | vol=3.91% | chg=-2.54%
     8. avaxtwd: score=2.09 | turnover=NT$0.0M | vol=5.03% | chg=-0.36%
     9. ltctwd: score=1.69 | turnover=NT$0.1M | vol=3.25% | chg=-1.68%

🎯 本輪幣種: btctwd, ethtwd, soltwd, dogetwd
✅ 已更新 /Users/kid/.openclaw/workspace/workers/money-maker/data/active_markets.json
