[2026-04-11T08:31:11.208Z] ⚠️ API -4046: No need to change margin type.
[2026-04-11T08:31:11.400Z] ⏭️ 信號不足 20/40 | Market: SQUEEZE | 
[2026-04-11T08:31:11.402Z] ✅ Cycle 0.3s | $451.22 | BTC $72720 | Score: 20 LONG
[2026-04-11T09:30:44.486Z] ⚠️ API -4046: No need to change margin type.
[2026-04-11T09:30:44.937Z] 🎯 進場! LONG 0.012 BTCUSDT @ ~72814.6 | SL: 72301.65 (-$6.16) | 最低目標: +$15.39 (RR 1:2.5) | Score: 55 | PULLBACK | 4H多頭(1.17%), 1H EMA多排, 支撐區回踩做多
[2026-04-11T09:30:45.068Z] ✅ 下單成功 orderId: 980727033485
[2026-04-11T09:30:45.071Z] ✅ Cycle 0.7s | $451.22 | BTC $72815 | Score: 55 LONG
[2026-04-11T10:01:34.594Z] ⚠️ API -4067: Position side cannot be changed if there exists open orders.
[2026-04-11T10:01:34.795Z] 📊 LONG 0.012 @ 72814.7 | PnL: $0.57 (0.07%) | Market: SQUEEZE | Score: 17
[2026-04-11T10:01:34.798Z] ✅ Cycle 0.3s | $450.79 | BTC $72859 | Score: 17 LONG
[2026-04-11T11:00:56.151Z] ⚠️ API -4067: Position side cannot be changed if there exists open orders.
[2026-04-11T11:00:56.357Z] 📊 LONG 0.012 @ 72814.7 | PnL: $-0.31 (-0.03%) | Market: SQUEEZE | Score: 67
[2026-04-11T11:00:56.359Z] ✅ Cycle 0.3s | $450.79 | BTC $72788 | Score: 67 LONG
[2026-04-11T13:31:49.438Z] ⚠️ API -4067: Position side cannot be changed if there exists open orders.
[2026-04-11T13:31:49.668Z] 📊 LONG 0.012 @ 72814.7 | PnL: $-2.37 (-0.27%) | Market: SQUEEZE | Score: 24
[2026-04-11T13:31:49.669Z] ✅ Cycle 0.3s | $450.79 | BTC $72617 | Score: 24 LONG
[2026-04-11T15:31:40.757Z] ⚠️ API -4067: Position side cannot be changed if there exists open orders.
[2026-04-11T15:31:40.971Z] 📊 LONG 0.012 @ 72814.7 | PnL: $-0.48 (-0.05%) | Market: SQUEEZE | Score: 24
[2026-04-11T15:31:40.974Z] ✅ Cycle 0.3s | $450.79 | BTC $72770 | Score: 24 LONG
[2026-04-11T16:31:10.645Z] 📅 新的一天: 2026-04-12
[2026-04-11T16:31:10.764Z] ⚠️ API -4067: Position side cannot be changed if there exists open orders.
[2026-04-11T16:31:10.982Z] 📊 LONG 0.012 @ 72814.7 | PnL: $0.43 (0.05%) | Market: SQUEEZE | Score: 20
[2026-04-11T16:31:10.984Z] ✅ Cycle 0.3s | $450.85 | BTC $72850 | Score: 20 LONG
[2026-04-11T18:01:16.015Z] ⚠️ API -4067: Position side cannot be changed if there exists open orders.
[2026-04-11T18:01:16.197Z] 📊 LONG 0.012 @ 72814.7 | PnL: $2.73 (0.31%) | Market: SQUEEZE | Score: 12
[2026-04-11T18:01:16.200Z] ✅ Cycle 0.3s | $450.85 | BTC $73042 | Score: 12 LONG
[2026-04-11T18:31:09.320Z] ⚠️ API -4067: Position side cannot be changed if there exists open orders.
[2026-04-11T18:31:09.516Z] 📊 LONG 0.012 @ 72814.7 | PnL: $4.69 (0.54%) | Market: SQUEEZE | Score: 16
[2026-04-11T18:31:09.519Z] ✅ Cycle 0.3s | $450.85 | BTC $73195 | Score: 16 LONG
[2026-04-11T19:31:19.721Z] ⚠️ API -4067: Position side cannot be changed if there exists open orders.
[2026-04-11T19:31:19.998Z] 📊 LONG 0.012 @ 72814.7 | PnL: $9.88 (1.13%) | Market: SQUEEZE | Score: 10
[2026-04-11T19:31:20.534Z] 🔄 Trailing stop → 72814.6 (PnL 1.13%)
[2026-04-11T19:31:20.537Z] ✅ Cycle 0.9s | $450.85 | BTC $73619 | Score: 10 LONG
[2026-04-11T20:01:20.746Z] ⚠️ API -4067: Position side cannot be changed if there exists open orders.
[2026-04-11T20:01:20.939Z] 📊 LONG 0.012 @ 72814.7 | PnL: $9.51 (1.09%) | Market: TRENDING_UP | Score: 8
[2026-04-11T20:01:20.941Z] ✅ Cycle 0.3s | $450.85 | BTC $73606 | Score: 8 LONG
[2026-04-11T20:32:01.705Z] ⚠️ API -4067: Position side cannot be changed if there exists open orders.
[2026-04-11T20:32:01.922Z] 📊 LONG 0.012 @ 72814.7 | PnL: $5.73 (0.66%) | Market: SQUEEZE | Score: 3
[2026-04-11T20:32:01.924Z] ✅ Cycle 0.3s | $450.85 | BTC $73289 | Score: 3 -
[2026-04-11T21:31:14.027Z] ⚠️ API -4067: Position side cannot be changed if there exists open orders.
[2026-04-11T21:31:14.213Z] 📊 LONG 0.012 @ 72814.7 | PnL: $5.58 (0.64%) | Market: TRENDING_UP | Score: 2
[2026-04-11T21:31:14.217Z] ✅ Cycle 0.3s | $450.85 | BTC $73279 | Score: 2 -
[2026-04-11T22:31:26.664Z] ⚠️ API -4067: Position side cannot be changed if there exists open orders.
[2026-04-11T22:31:26.847Z] 📊 LONG 0.012 @ 72814.7 | PnL: $6.58 (0.75%) | Market: TRENDING_UP | Score: 3
[2026-04-11T22:31:26.849Z] ✅ Cycle 0.3s | $450.85 | BTC $73365 | Score: 3 -
[2026-04-11T23:01:18.538Z] ⚠️ API -4067: Position side cannot be changed if there exists open orders.
[2026-04-11T23:01:18.724Z] 📊 LONG 0.012 @ 72814.7 | PnL: $5.77 (0.66%) | Market: TRENDING_UP | Score: 17
[2026-04-11T23:01:18.726Z] ✅ Cycle 0.3s | $450.85 | BTC $73296 | Score: 17 LONG
[2026-04-11T23:31:31.799Z] ⚠️ API -4067: Position side cannot be changed if there exists open orders.
[2026-04-11T23:31:31.994Z] 📊 LONG 0.012 @ 72814.7 | PnL: $2.94 (0.34%) | Market: TRENDING_UP | Score: 8
[2026-04-11T23:31:31.996Z] ✅ Cycle 0.3s | $450.85 | BTC $73060 | Score: 8 -
[2026-04-12T00:01:18.221Z] ⚠️ API -4067: Position side cannot be changed if there exists open orders.
[2026-04-12T00:01:18.400Z] 📊 LONG 0.012 @ 72814.7 | PnL: $2.02 (0.23%) | Market: TRENDING_UP | Score: 16
[2026-04-12T00:01:18.401Z] 🔄 平倉: 持倉15h無動釋放資金
[2026-04-12T00:01:19.138Z] ✅ 平倉完成 PnL: $2.02
[2026-04-12T00:01:19.140Z] ✅ Cycle 1.0s | $450.92 | BTC $72983 | Score: 16 LONG
[2026-04-12T00:31:26.888Z] ⚠️ API -4046: No need to change margin type.
[2026-04-12T00:31:27.075Z] ⏭️ 信號不足 19/40 | Market: TRENDING_UP | 
[2026-04-12T00:31:27.077Z] ✅ Cycle 0.3s | $452.44 | BTC $73025 | Score: 19 LONG
[2026-04-12T01:01:23.351Z] ⚠️ API -4046: No need to change margin type.
[2026-04-12T01:01:23.532Z] ⏭️ 信號不足 9/40 | Market: RANGING | 
[2026-04-12T01:01:23.534Z] ✅ Cycle 0.3s | $452.44 | BTC $73077 | Score: 9 LONG
[2026-04-12T01:31:36.298Z] ⚠️ API -4046: No need to change margin type.
[2026-04-12T01:31:36.481Z] ⏭️ 信號不足 9/40 | Market: RANGING | 
[2026-04-12T01:31:36.484Z] ✅ Cycle 0.3s | $452.44 | BTC $72960 | Score: 9 LONG
[2026-04-12T02:09:56.915Z] ⚠️ API -4046: No need to change margin type.
[2026-04-12T02:09:57.112Z] 🎯 進場! LONG 0.01 BTCUSDT @ ~71570.8 | SL: 70895.96 (-$6.75) | 最低目標: +$16.87 (RR 1:2.5) | Score: 72 | PULLBACK | 4H多頭(0.77%), 1H看多Pin Bar, 1H量能爆發, 支撐區回踩做多
[2026-04-12T02:09:57.246Z] ✅ 下單成功 orderId: 981434029540
[2026-04-12T02:09:57.247Z] ✅ Cycle 0.5s | $452.44 | BTC $71571 | Score: 72 LONG
[2026-04-12T02:31:55.297Z] ⚠️ API -4067: Position side cannot be changed if there exists open orders.
[2026-04-12T02:31:55.480Z] 📊 LONG 0.01 @ 71571.2 | PnL: $2.56 (0.36%) | Market: TRENDING_DOWN | Score: 60
[2026-04-12T02:31:55.482Z] ✅ Cycle 0.3s | $452.09 | BTC $71827 | Score: 60 LONG
