[2026-04-13T15:30:34.224Z] ⏸️ 暫停中至 2026-04-13T19:52:26.285Z
[2026-04-13T15:42:13.926Z] ⏸️ 暫停中至 2026-04-13T19:52:26.285Z
[2026-04-13T15:52:07.961Z] ⏸️ 暫停中至 2026-04-13T19:52:26.285Z
[2026-04-13T16:02:10.320Z] 📅 新的一天: 2026-04-14
[2026-04-13T16:02:10.436Z] ⚠️ API -4046: No need to change margin type.
[2026-04-13T16:02:10.618Z] ⏭️ 信號不足 37/52 | Market: TRENDING_UP | 
[2026-04-13T16:02:10.621Z] ✅ Cycle 0.3s | $432.19 | BTC $71848 | Score: 37 SHORT
[2026-04-13T16:12:07.871Z] ⚠️ API -4046: No need to change margin type.
[2026-04-13T16:12:08.055Z] ⏭️ 無明確方向 | Buy: 1 | Sell: 4
[2026-04-13T16:12:08.057Z] ✅ Cycle 0.3s | $432.19 | BTC $71941 | Score: 2 -
[2026-04-13T16:22:13.498Z] ⚠️ API -4046: No need to change margin type.
[2026-04-13T16:22:13.687Z] ⏭️ 無明確方向 | Buy: 1 | Sell: 4
[2026-04-13T16:22:13.689Z] ✅ Cycle 0.3s | $432.19 | BTC $72035 | Score: 2 -
[2026-04-13T16:32:12.256Z] ⚠️ API -4046: No need to change margin type.
[2026-04-13T16:32:12.434Z] ⏭️ 無明確方向 | Buy: 1 | Sell: 4
[2026-04-13T16:32:12.436Z] ✅ Cycle 0.3s | $432.19 | BTC $72183 | Score: 2 -
[2026-04-13T16:42:08.246Z] ⚠️ API -4046: No need to change margin type.
[2026-04-13T16:42:08.438Z] ⏭️ 無明確方向 | Buy: 1 | Sell: 4
[2026-04-13T16:42:08.440Z] ✅ Cycle 0.3s | $432.19 | BTC $72195 | Score: 2 -
[2026-04-13T16:52:14.049Z] ⚠️ API -4046: No need to change margin type.
[2026-04-13T16:52:14.244Z] ⏭️ 無明確方向 | Buy: 1 | Sell: 4
[2026-04-13T16:52:14.246Z] ✅ Cycle 0.3s | $432.19 | BTC $72235 | Score: 2 -
[2026-04-13T17:02:11.555Z] ⚠️ API -4046: No need to change margin type.
[2026-04-13T17:02:12.001Z] ⏭️ 無明確方向 | Buy: 1 | Sell: 0
[2026-04-13T17:02:12.003Z] ✅ Cycle 0.6s | $432.19 | BTC $72159 | Score: 1 -
[2026-04-13T17:12:08.838Z] ⚠️ API -4046: No need to change margin type.
[2026-04-13T17:12:09.028Z] ⏭️ 無明確方向 | Buy: 0 | Sell: 0
[2026-04-13T17:12:09.034Z] ✅ Cycle 0.3s | $432.19 | BTC $72321 | Score: 0 -
[2026-04-13T17:22:07.364Z] ⚠️ API -4046: No need to change margin type.
[2026-04-13T17:22:07.621Z] ⏭️ 無明確方向 | Buy: 0 | Sell: 0
[2026-04-13T17:22:07.623Z] ✅ Cycle 0.4s | $432.19 | BTC $72286 | Score: 0 -
[2026-04-13T17:32:13.760Z] ⚠️ API -4046: No need to change margin type.
[2026-04-13T17:32:13.942Z] ⏭️ 無明確方向 | Buy: 1 | Sell: 4
[2026-04-13T17:32:13.944Z] ✅ Cycle 0.3s | $432.19 | BTC $72453 | Score: 2 -
[2026-04-13T17:42:06.654Z] ⚠️ API -4046: No need to change margin type.
[2026-04-13T17:42:06.832Z] ⏭️ 無明確方向 | Buy: 1 | Sell: 4
[2026-04-13T17:42:06.834Z] ✅ Cycle 0.3s | $432.19 | BTC $72400 | Score: 2 -
[2026-04-13T17:52:06.033Z] ⚠️ API -4046: No need to change margin type.
[2026-04-13T17:52:06.296Z] ⏭️ 信號不足 29/52 | Market: TRENDING_UP | 
[2026-04-13T17:52:06.298Z] ✅ Cycle 0.4s | $432.19 | BTC $72150 | Score: 29 SHORT
[2026-04-13T18:02:11.694Z] ⚠️ API -4046: No need to change margin type.
[2026-04-13T18:02:11.875Z] ⏭️ 無明確方向 | Buy: 3 | Sell: 0
[2026-04-13T18:02:11.877Z] ✅ Cycle 0.3s | $432.19 | BTC $72088 | Score: 2 -
[2026-04-13T18:12:08.098Z] ⚠️ API -4046: No need to change margin type.
[2026-04-13T18:12:08.276Z] ⏭️ 無明確方向 | Buy: 0 | Sell: 20
[2026-04-13T18:12:08.278Z] ✅ Cycle 0.3s | $432.19 | BTC $72146 | Score: 10 -
[2026-04-13T18:22:06.117Z] ⚠️ API -4046: No need to change margin type.
[2026-04-13T18:22:06.304Z] ⏭️ 無明確方向 | Buy: 1 | Sell: 20
[2026-04-13T18:22:06.307Z] ✅ Cycle 0.3s | $432.19 | BTC $72228 | Score: 10 -
[2026-04-13T18:32:06.012Z] ⚠️ API -4046: No need to change margin type.
[2026-04-13T18:32:06.186Z] ⏭️ 無明確方向 | Buy: 1 | Sell: 20
[2026-04-13T18:32:06.188Z] ✅ Cycle 0.3s | $432.19 | BTC $72199 | Score: 10 -
[2026-04-13T18:43:26.617Z] ⚠️ API -4046: No need to change margin type.
[2026-04-13T18:43:26.794Z] ⏭️ 無明確方向 | Buy: 1 | Sell: 0
[2026-04-13T18:43:26.796Z] ✅ Cycle 0.3s | $432.19 | BTC $72321 | Score: 1 -
[2026-04-13T18:52:06.555Z] ⚠️ API -4046: No need to change margin type.
[2026-04-13T18:52:06.805Z] ⏭️ 無明確方向 | Buy: 1 | Sell: 0
[2026-04-13T18:52:06.807Z] ✅ Cycle 0.4s | $432.19 | BTC $72295 | Score: 1 -
[2026-04-13T19:02:10.773Z] ⚠️ API -4046: No need to change margin type.
[2026-04-13T19:02:10.998Z] ⏭️ 無明確方向 | Buy: 0 | Sell: 8
[2026-04-13T19:02:11.000Z] ✅ Cycle 0.5s | $432.19 | BTC $72359 | Score: 4 -
[2026-04-13T19:12:08.487Z] ⚠️ API -4046: No need to change margin type.
[2026-04-13T19:12:08.733Z] ⏭️ 無明確方向 | Buy: 0 | Sell: 0
[2026-04-13T19:12:08.735Z] ✅ Cycle 0.4s | $432.19 | BTC $72270 | Score: 0 -
[2026-04-13T19:22:13.886Z] ⚠️ API -4046: No need to change margin type.
[2026-04-13T19:22:14.063Z] ⏭️ 無明確方向 | Buy: 0 | Sell: 0
[2026-04-13T19:22:14.065Z] ✅ Cycle 0.3s | $432.19 | BTC $72607 | Score: 0 -
[2026-04-13T19:32:21.033Z] ⚠️ API -4046: No need to change margin type.
[2026-04-13T19:32:21.278Z] 📊 情緒: 大戶持倉比=0.980 帳戶比=1.009 買賣比=1.123 → NEUTRAL (ALIGNED)
[2026-04-13T19:32:21.282Z] ⏭️ 無明確方向 | Buy: 0 | Sell: 2
[2026-04-13T19:32:21.284Z] ✅ Cycle 0.4s | $432.19 | BTC $72972 | Score: 1 -
[2026-04-13T19:42:40.898Z] ⚠️ API -4046: No need to change margin type.
[2026-04-13T19:42:41.124Z] 📊 情緒: 大戶持倉比=0.980 帳戶比=1.009 買賣比=1.123 → NEUTRAL (ALIGNED)
[2026-04-13T19:42:41.128Z] ⏭️ 無明確方向 | Buy: 4 | Sell: 3
[2026-04-13T19:42:41.130Z] ✅ Cycle 0.3s | $432.19 | BTC $72989 | Score: 2 -
[2026-04-13T19:52:10.087Z] ⚠️ API -4046: No need to change margin type.
[2026-04-13T19:52:10.316Z] 📊 情緒: 大戶持倉比=0.980 帳戶比=1.009 買賣比=1.123 → NEUTRAL (ALIGNED)
[2026-04-13T19:52:10.321Z] ⏭️ 無明確方向 | Buy: 4 | Sell: 3
[2026-04-13T19:52:10.323Z] ✅ Cycle 0.3s | $432.19 | BTC $73351 | Score: 2 -
[2026-04-13T20:02:14.547Z] ⚠️ API -4046: No need to change margin type.
[2026-04-13T20:02:14.789Z] 📊 情緒: 大戶持倉比=0.931 帳戶比=0.949 買賣比=1.564 → NEUTRAL (ALIGNED)
[2026-04-13T20:02:14.794Z] ⏭️ 信號不足 4/52 | Market: TRENDING_UP | 
[2026-04-13T20:02:14.796Z] ✅ Cycle 0.4s | $432.19 | BTC $73247 | Score: 4 LONG
[2026-04-13T20:12:18.201Z] ⚠️ API -4046: No need to change margin type.
[2026-04-13T20:12:18.448Z] 📊 情緒: 大戶持倉比=0.931 帳戶比=0.949 買賣比=1.564 → NEUTRAL (ALIGNED)
[2026-04-13T20:12:18.452Z] ⏭️ 信號不足 4/52 | Market: TRENDING_UP | 
[2026-04-13T20:12:18.454Z] ✅ Cycle 0.4s | $432.19 | BTC $73125 | Score: 4 LONG
[2026-04-13T20:22:17.522Z] ⚠️ API -4046: No need to change margin type.
[2026-04-13T20:22:17.755Z] 📊 情緒: 大戶持倉比=0.931 帳戶比=0.949 買賣比=1.564 → NEUTRAL (ALIGNED)
[2026-04-13T20:22:17.760Z] ⏭️ 信號不足 5/52 | Market: TRENDING_UP | 
[2026-04-13T20:22:17.761Z] ✅ Cycle 0.4s | $432.19 | BTC $73016 | Score: 5 LONG
[2026-04-13T20:32:18.230Z] ⚠️ API -4046: No need to change margin type.
[2026-04-13T20:32:18.478Z] 📊 情緒: 大戶持倉比=0.931 帳戶比=0.949 買賣比=1.564 → NEUTRAL (ALIGNED)
[2026-04-13T20:32:18.482Z] ⏭️ 信號不足 5/52 | Market: TRENDING_UP | 
[2026-04-13T20:32:18.483Z] ✅ Cycle 0.3s | $432.19 | BTC $73024 | Score: 5 LONG
[2026-04-13T20:42:12.421Z] ⚠️ API -4046: No need to change margin type.
[2026-04-13T20:42:12.660Z] 📊 情緒: 大戶持倉比=0.931 帳戶比=0.949 買賣比=1.564 → NEUTRAL (ALIGNED)
[2026-04-13T20:42:12.665Z] ⏭️ 信號不足 5/52 | Market: TRENDING_UP | 
[2026-04-13T20:42:12.666Z] ✅ Cycle 0.3s | $432.19 | BTC $73152 | Score: 5 LONG
[2026-04-13T20:52:13.681Z] ⚠️ API -4046: No need to change margin type.
[2026-04-13T20:52:13.984Z] 📊 情緒: 大戶持倉比=0.931 帳戶比=0.949 買賣比=1.564 → NEUTRAL (ALIGNED)
[2026-04-13T20:52:13.988Z] ⏭️ 信號不足 5/52 | Market: TRENDING_UP | 
[2026-04-13T20:52:13.990Z] ✅ Cycle 0.4s | $432.19 | BTC $73086 | Score: 5 LONG
[2026-04-13T21:02:12.713Z] ⚠️ API -4046: No need to change margin type.
[2026-04-13T21:02:12.950Z] 📊 情緒: 大戶持倉比=0.907 帳戶比=0.922 買賣比=1.564 → NEUTRAL (ALIGNED)
[2026-04-13T21:02:12.954Z] ⏭️ 信號不足 4/52 | Market: TRENDING_UP | 
[2026-04-13T21:02:12.956Z] ✅ Cycle 0.3s | $432.19 | BTC $73100 | Score: 4 LONG
[2026-04-13T21:12:13.548Z] ⚠️ API -4046: No need to change margin type.
[2026-04-13T21:12:13.780Z] 📊 情緒: 大戶持倉比=0.907 帳戶比=0.922 買賣比=0.898 → SHORT (ALIGNED)
[2026-04-13T21:12:13.785Z] ⏭️ 無明確方向 | Buy: 6 | Sell: 16
[2026-04-13T21:12:13.788Z] ✅ Cycle 0.3s | $432.19 | BTC $73196 | Score: 8 -
[2026-04-13T21:22:20.093Z] ⚠️ API -4046: No need to change margin type.
[2026-04-13T21:22:20.336Z] 📊 情緒: 大戶持倉比=0.907 帳戶比=0.922 買賣比=0.898 → SHORT (ALIGNED)
[2026-04-13T21:22:20.341Z] ⏭️ 無明確方向 | Buy: 6 | Sell: 16
[2026-04-13T21:22:20.342Z] ✅ Cycle 0.3s | $432.19 | BTC $73144 | Score: 8 -
[2026-04-13T21:32:12.536Z] ⚠️ API -4046: No need to change margin type.
[2026-04-13T21:32:12.778Z] 📊 情緒: 大戶持倉比=0.907 帳戶比=0.922 買賣比=0.898 → SHORT (ALIGNED)
[2026-04-13T21:32:12.789Z] 🚫 情緒過濾: 信號LONG vs 大戶情緒SHORT → 跳過
[2026-04-13T21:32:12.789Z] ⏭️ 無明確方向 | Buy: 20 | Sell: 1
[2026-04-13T21:32:12.797Z] ✅ Cycle 0.3s | $432.19 | BTC $73062 | Score: 6 -
[2026-04-13T21:42:14.204Z] ⚠️ API -4046: No need to change margin type.
[2026-04-13T21:42:14.468Z] 📊 情緒: 大戶持倉比=0.907 帳戶比=0.922 買賣比=0.898 → SHORT (ALIGNED)
[2026-04-13T21:42:14.473Z] 🚫 情緒過濾: 信號LONG vs 大戶情緒SHORT → 跳過
[2026-04-13T21:42:14.473Z] ⏭️ 無明確方向 | Buy: 9 | Sell: 3
[2026-04-13T21:42:14.475Z] ✅ Cycle 0.3s | $432.19 | BTC $73278 | Score: 3 -
[2026-04-13T21:52:13.192Z] ⚠️ API -4046: No need to change margin type.
[2026-04-13T21:52:13.426Z] 📊 情緒: 大戶持倉比=0.907 帳戶比=0.922 買賣比=0.898 → SHORT (ALIGNED)
[2026-04-13T21:52:13.430Z] ⏭️ 無明確方向 | Buy: 7 | Sell: 20
[2026-04-13T21:52:13.432Z] ✅ Cycle 0.3s | $432.19 | BTC $73207 | Score: 10 -
[2026-04-13T22:03:40.665Z] ⚠️ API -4046: No need to change margin type.
[2026-04-13T22:03:40.896Z] 📊 情緒: 大戶持倉比=0.912 帳戶比=0.907 買賣比=1.004 → NEUTRAL (ALIGNED)
[2026-04-13T22:03:40.900Z] ⏭️ 無明確方向 | Buy: 6 | Sell: 16
[2026-04-13T22:03:40.902Z] ✅ Cycle 0.3s | $432.19 | BTC $73270 | Score: 8 -
[2026-04-13T22:12:17.752Z] ⚠️ API -4046: No need to change margin type.
[2026-04-13T22:12:17.996Z] 📊 情緒: 大戶持倉比=0.912 帳戶比=0.907 買賣比=1.004 → NEUTRAL (ALIGNED)
[2026-04-13T22:12:18.000Z] ⏭️ 無明確方向 | Buy: 6 | Sell: 16
[2026-04-13T22:12:18.002Z] ✅ Cycle 0.6s | $432.19 | BTC $73370 | Score: 8 -
[2026-04-13T22:22:14.594Z] ⚠️ API -4046: No need to change margin type.
[2026-04-13T22:22:14.830Z] 📊 情緒: 大戶持倉比=0.912 帳戶比=0.907 買賣比=1.004 → NEUTRAL (ALIGNED)
[2026-04-13T22:22:14.835Z] ⏭️ 信號不足 24/52 | Market: TRENDING_UP | 
[2026-04-13T22:22:14.837Z] ✅ Cycle 0.3s | $432.19 | BTC $74142 | Score: 24 LONG
[2026-04-13T22:32:13.216Z] ⚠️ API -4046: No need to change margin type.
[2026-04-13T22:32:13.481Z] 📊 情緒: 大戶持倉比=0.912 帳戶比=0.907 買賣比=1.004 → NEUTRAL (ALIGNED)
[2026-04-13T22:32:13.486Z] ⏭️ 信號不足 24/52 | Market: TRENDING_UP | 
[2026-04-13T22:32:13.488Z] ✅ Cycle 0.3s | $432.19 | BTC $74246 | Score: 24 LONG
[2026-04-13T22:42:37.532Z] ⚠️ API -4046: No need to change margin type.
[2026-04-13T22:42:37.790Z] 📊 情緒: 大戶持倉比=0.912 帳戶比=0.907 買賣比=1.004 → NEUTRAL (ALIGNED)
[2026-04-13T22:42:37.794Z] ⏭️ 信號不足 24/52 | Market: TRENDING_UP | 
[2026-04-13T22:42:37.796Z] ✅ Cycle 0.3s | $432.19 | BTC $74126 | Score: 24 LONG
[2026-04-13T22:52:13.266Z] ⚠️ API -4046: No need to change margin type.
[2026-04-13T22:52:13.507Z] 📊 情緒: 大戶持倉比=0.912 帳戶比=0.907 買賣比=1.004 → NEUTRAL (ALIGNED)
[2026-04-13T22:52:13.512Z] ⏭️ 信號不足 24/52 | Market: TRENDING_UP | 
[2026-04-13T22:52:13.514Z] ✅ Cycle 0.3s | $432.19 | BTC $74339 | Score: 24 LONG
[2026-04-13T23:02:16.629Z] ⚠️ API -4046: No need to change margin type.
[2026-04-13T23:02:16.873Z] 📊 情緒: 大戶持倉比=0.916 帳戶比=0.836 買賣比=1.303 → NEUTRAL (ALIGNED)
[2026-04-13T23:02:16.877Z] ⏭️ 信號不足 18/52 | Market: TRENDING_UP | 
[2026-04-13T23:02:16.879Z] ✅ Cycle 0.3s | $432.19 | BTC $74447 | Score: 18 LONG
[2026-04-13T23:12:13.637Z] ⚠️ API -4046: No need to change margin type.
[2026-04-13T23:12:13.892Z] 📊 情緒: 大戶持倉比=0.916 帳戶比=0.836 買賣比=1.303 → NEUTRAL (ALIGNED)
[2026-04-13T23:12:13.951Z] 🎯 進場! LONG 0.009000000000000001 BTCUSDT @ ~74627.4 | Lev:12x | SL:73943.62(-$6.15) | RR 1:3.5 目標:+$21.54 | Score:59 | TREND_PULLBACK | 情緒:➖ | 4H多頭(0.61%), 4H MACD加速↑, 4H MACD金叉, 1H EMA多排
[2026-04-13T23:12:14.075Z] ✅ 下單成功 orderId:983345655226 | Lev:12x | RR:1:3.5
[2026-04-13T23:12:14.077Z] ✅ Cycle 0.5s | $432.19 | BTC $74627 | Score: 59 LONG
[2026-04-13T23:22:13.478Z] ⚠️ API -4067: Position side cannot be changed if there exists open orders.
[2026-04-13T23:22:13.760Z] 📊 情緒: 大戶持倉比=0.916 帳戶比=0.836 買賣比=1.303 → NEUTRAL (ALIGNED)
[2026-04-13T23:22:13.764Z] 📊 LONG 0.009 @ 74627.4 | PnL: $0.40 (0.06%) | Market: TRENDING_UP | Score: 59
[2026-04-13T23:22:13.766Z] ✅ Cycle 0.4s | $431.85 | BTC $74692 | Score: 59 LONG
[2026-04-13T23:32:12.989Z] ⚠️ API -4067: Position side cannot be changed if there exists open orders.
[2026-04-13T23:32:13.237Z] 📊 情緒: 大戶持倉比=0.916 帳戶比=0.836 買賣比=1.303 → NEUTRAL (ALIGNED)
[2026-04-13T23:32:13.241Z] 📊 LONG 0.009 @ 74627.4 | PnL: $-0.13 (-0.02%) | Market: TRENDING_UP | Score: 20
[2026-04-13T23:32:13.243Z] ✅ Cycle 0.3s | $431.85 | BTC $74613 | Score: 20 LONG
[2026-04-13T23:42:13.003Z] ⚠️ API -4067: Position side cannot be changed if there exists open orders.
[2026-04-13T23:42:13.494Z] 📊 情緒: 大戶持倉比=0.916 帳戶比=0.836 買賣比=1.303 → NEUTRAL (ALIGNED)
[2026-04-13T23:42:13.498Z] 📊 LONG 0.009 @ 74627.4 | PnL: $-0.66 (-0.10%) | Market: TRENDING_UP | Score: 20
[2026-04-13T23:42:13.500Z] ✅ Cycle 0.6s | $431.85 | BTC $74563 | Score: 20 LONG
[2026-04-13T23:52:11.869Z] ⚠️ API -4067: Position side cannot be changed if there exists open orders.
[2026-04-13T23:52:12.113Z] 📊 情緒: 大戶持倉比=0.916 帳戶比=0.836 買賣比=1.303 → NEUTRAL (ALIGNED)
[2026-04-13T23:52:12.117Z] 📊 LONG 0.009 @ 74627.4 | PnL: $-1.51 (-0.22%) | Market: TRENDING_UP | Score: 20
[2026-04-13T23:52:12.119Z] ✅ Cycle 0.3s | $431.85 | BTC $74460 | Score: 20 LONG
[2026-04-14T00:02:14.003Z] ⚠️ API -4067: Position side cannot be changed if there exists open orders.
[2026-04-14T00:02:14.234Z] 📊 情緒: 大戶持倉比=0.916 帳戶比=0.761 買賣比=1.303 → NEUTRAL (ALIGNED)
[2026-04-14T00:02:14.238Z] 📊 LONG 0.009 @ 74627.4 | PnL: $-1.78 (-0.26%) | Market: TRENDING_UP | Score: 52
[2026-04-14T00:02:14.240Z] ✅ Cycle 0.3s | $431.89 | BTC $74428 | Score: 52 LONG
[2026-04-14T00:12:15.982Z] ⚠️ API -4067: Position side cannot be changed if there exists open orders.
[2026-04-14T00:12:16.233Z] 📊 情緒: 大戶持倉比=0.907 帳戶比=0.761 買賣比=1.056 → NEUTRAL (ALIGNED)
[2026-04-14T00:12:16.237Z] 📊 LONG 0.009 @ 74627.4 | PnL: $-3.49 (-0.52%) | Market: TRENDING_UP | Score: 52
[2026-04-14T00:12:16.239Z] ✅ Cycle 0.3s | $431.89 | BTC $74240 | Score: 52 LONG
[2026-04-14T00:22:13.162Z] ⚠️ API -4067: Position side cannot be changed if there exists open orders.
[2026-04-14T00:22:13.408Z] 📊 情緒: 大戶持倉比=0.907 帳戶比=0.761 買賣比=1.056 → NEUTRAL (ALIGNED)
[2026-04-14T00:22:13.411Z] 📊 LONG 0.009 @ 74627.4 | PnL: $-3.21 (-0.48%) | Market: TRENDING_UP | Score: 52
[2026-04-14T00:22:13.414Z] ✅ Cycle 0.3s | $431.89 | BTC $74270 | Score: 52 LONG
[2026-04-14T00:32:13.425Z] ⚠️ API -4067: Position side cannot be changed if there exists open orders.
[2026-04-14T00:32:13.693Z] 📊 情緒: 大戶持倉比=0.907 帳戶比=0.761 買賣比=1.056 → NEUTRAL (ALIGNED)
[2026-04-14T00:32:13.696Z] 📊 LONG 0.009 @ 74627.4 | PnL: $-3.85 (-0.57%) | Market: TRENDING_UP | Score: 52
[2026-04-14T00:32:13.698Z] ✅ Cycle 0.3s | $431.89 | BTC $74200 | Score: 52 LONG
[2026-04-14T00:42:16.106Z] ⚠️ API -4067: Position side cannot be changed if there exists open orders.
[2026-04-14T00:42:16.343Z] 📊 情緒: 大戶持倉比=0.907 帳戶比=0.761 買賣比=1.056 → NEUTRAL (ALIGNED)
[2026-04-14T00:42:16.346Z] 📊 LONG 0.009 @ 74627.4 | PnL: $-2.52 (-0.38%) | Market: TRENDING_UP | Score: 52
[2026-04-14T00:42:16.348Z] ✅ Cycle 0.3s | $431.89 | BTC $74339 | Score: 52 LONG
[2026-04-14T00:52:14.781Z] ⚠️ API -4067: Position side cannot be changed if there exists open orders.
[2026-04-14T00:52:15.049Z] 📊 情緒: 大戶持倉比=0.907 帳戶比=0.761 買賣比=1.056 → NEUTRAL (ALIGNED)
[2026-04-14T00:52:15.053Z] 📊 LONG 0.009 @ 74627.4 | PnL: $-4.56 (-0.68%) | Market: TRENDING_UP | Score: 52
[2026-04-14T00:52:15.055Z] ✅ Cycle 0.3s | $431.89 | BTC $74122 | Score: 52 LONG
[2026-04-14T01:02:15.867Z] ⚠️ API -4067: Position side cannot be changed if there exists open orders.
[2026-04-14T01:02:16.112Z] 📊 情緒: 大戶持倉比=0.907 帳戶比=0.729 買賣比=0.853 → SHORT (ALIGNED)
[2026-04-14T01:02:16.116Z] 🚫 情緒過濾: 信號LONG vs 大戶情緒SHORT → 跳過
[2026-04-14T01:02:16.117Z] 📊 LONG 0.009 @ 74627.4 | PnL: $-5.62 (-0.84%) | Market: TRENDING_UP | Score: 21
[2026-04-14T01:02:16.119Z] ✅ Cycle 0.3s | $431.89 | BTC $73999 | Score: 21 -
[2026-04-14T01:12:18.245Z] ⚠️ API -4067: Position side cannot be changed if there exists open orders.
[2026-04-14T01:12:18.487Z] 📊 情緒: 大戶持倉比=0.912 帳戶比=0.729 買賣比=0.853 → SHORT (ALIGNED)
[2026-04-14T01:12:18.491Z] 🚫 情緒過濾: 信號LONG vs 大戶情緒SHORT → 跳過
[2026-04-14T01:12:18.491Z] 📊 LONG 0.009 @ 74627.4 | PnL: $-3.72 (-0.55%) | Market: TRENDING_UP | Score: 21
[2026-04-14T01:12:18.494Z] ✅ Cycle 0.3s | $431.89 | BTC $74212 | Score: 21 -
[2026-04-14T01:22:13.296Z] ⚠️ API -4067: Position side cannot be changed if there exists open orders.
[2026-04-14T01:22:13.530Z] 📊 情緒: 大戶持倉比=0.912 帳戶比=0.729 買賣比=0.853 → SHORT (ALIGNED)
[2026-04-14T01:22:13.534Z] 🚫 情緒過濾: 信號LONG vs 大戶情緒SHORT → 跳過
[2026-04-14T01:22:13.534Z] 📊 LONG 0.009 @ 74627.4 | PnL: $-2.85 (-0.42%) | Market: TRENDING_UP | Score: 21
[2026-04-14T01:22:13.537Z] ✅ Cycle 0.3s | $431.89 | BTC $74310 | Score: 21 -
[2026-04-14T01:32:16.938Z] ⚠️ API -4067: Position side cannot be changed if there exists open orders.
[2026-04-14T01:32:17.192Z] 📊 情緒: 大戶持倉比=0.912 帳戶比=0.729 買賣比=0.853 → SHORT (ALIGNED)
[2026-04-14T01:32:17.195Z] 🚫 情緒過濾: 信號LONG vs 大戶情緒SHORT → 跳過
[2026-04-14T01:32:17.195Z] 📊 LONG 0.009 @ 74627.4 | PnL: $-3.53 (-0.53%) | Market: TRENDING_UP | Score: 21
[2026-04-14T01:32:17.197Z] ✅ Cycle 0.3s | $431.89 | BTC $74251 | Score: 21 -
[2026-04-14T01:42:15.786Z] ⚠️ API -4067: Position side cannot be changed if there exists open orders.
[2026-04-14T01:42:16.065Z] 📊 情緒: 大戶持倉比=0.912 帳戶比=0.729 買賣比=0.853 → SHORT (ALIGNED)
[2026-04-14T01:42:16.069Z] 🚫 情緒過濾: 信號LONG vs 大戶情緒SHORT → 跳過
[2026-04-14T01:42:16.069Z] 📊 LONG 0.009 @ 74627.4 | PnL: $-3.52 (-0.52%) | Market: TRENDING_UP | Score: 21
[2026-04-14T01:42:16.071Z] ✅ Cycle 0.4s | $431.89 | BTC $74236 | Score: 21 -
[2026-04-14T01:52:16.258Z] ⚠️ API -4067: Position side cannot be changed if there exists open orders.
[2026-04-14T01:52:16.520Z] 📊 情緒: 大戶持倉比=0.912 帳戶比=0.729 買賣比=0.853 → SHORT (ALIGNED)
[2026-04-14T01:52:16.524Z] 🚫 情緒過濾: 信號LONG vs 大戶情緒SHORT → 跳過
[2026-04-14T01:52:16.524Z] 📊 LONG 0.009 @ 74627.4 | PnL: $-2.62 (-0.39%) | Market: TRENDING_UP | Score: 21
[2026-04-14T01:52:16.526Z] ✅ Cycle 0.3s | $431.89 | BTC $74329 | Score: 21 -
[2026-04-14T02:02:15.274Z] ⚠️ API -4067: Position side cannot be changed if there exists open orders.
[2026-04-14T02:02:15.523Z] 📊 情緒: 大戶持倉比=0.912 帳戶比=0.729 買賣比=0.853 → SHORT (ALIGNED)
[2026-04-14T02:02:15.526Z] 🚫 情緒過濾: 信號LONG vs 大戶情緒SHORT → 跳過
[2026-04-14T02:02:15.527Z] 📊 LONG 0.009 @ 74627.4 | PnL: $-2.63 (-0.39%) | Market: TRENDING_UP | Score: 21
[2026-04-14T02:02:15.529Z] ✅ Cycle 0.3s | $431.89 | BTC $74337 | Score: 21 -
[2026-04-14T02:12:17.094Z] ⚠️ API -4067: Position side cannot be changed if there exists open orders.
[2026-04-14T02:12:17.335Z] 📊 情緒: 大戶持倉比=0.910 帳戶比=0.732 買賣比=1.441 → NEUTRAL (ALIGNED)
[2026-04-14T02:12:17.339Z] 📊 LONG 0.009 @ 74627.4 | PnL: $-1.71 (-0.26%) | Market: TRENDING_UP | Score: 53
[2026-04-14T02:12:17.341Z] ✅ Cycle 0.3s | $431.89 | BTC $74439 | Score: 53 LONG
[2026-04-14T02:22:18.199Z] ⚠️ API -4067: Position side cannot be changed if there exists open orders.
[2026-04-14T02:22:18.437Z] 📊 情緒: 大戶持倉比=0.910 帳戶比=0.732 買賣比=1.441 → NEUTRAL (ALIGNED)
[2026-04-14T02:22:18.440Z] 📊 LONG 0.009 @ 74627.4 | PnL: $-1.45 (-0.22%) | Market: TRENDING_UP | Score: 53
[2026-04-14T02:22:18.442Z] ✅ Cycle 0.3s | $431.89 | BTC $74473 | Score: 53 LONG
[2026-04-14T02:32:16.769Z] ⚠️ API -4067: Position side cannot be changed if there exists open orders.
[2026-04-14T02:32:17.005Z] 📊 情緒: 大戶持倉比=0.910 帳戶比=0.732 買賣比=1.441 → NEUTRAL (ALIGNED)
[2026-04-14T02:32:17.008Z] 📊 LONG 0.009 @ 74627.4 | PnL: $-2.65 (-0.39%) | Market: TRENDING_UP | Score: 53
[2026-04-14T02:32:17.010Z] ✅ Cycle 0.3s | $431.89 | BTC $74325 | Score: 53 LONG
[2026-04-14T02:42:39.660Z] ⚠️ API -4067: Position side cannot be changed if there exists open orders.
[2026-04-14T02:42:39.907Z] 📊 情緒: 大戶持倉比=0.910 帳戶比=0.732 買賣比=1.441 → NEUTRAL (ALIGNED)
[2026-04-14T02:42:39.911Z] 📊 LONG 0.009 @ 74627.4 | PnL: $-2.23 (-0.33%) | Market: TRENDING_UP | Score: 53
[2026-04-14T02:42:39.913Z] ✅ Cycle 0.3s | $431.89 | BTC $74377 | Score: 53 LONG
[2026-04-14T02:52:13.253Z] ⚠️ API -4067: Position side cannot be changed if there exists open orders.
[2026-04-14T02:52:13.503Z] 📊 情緒: 大戶持倉比=0.910 帳戶比=0.732 買賣比=1.441 → NEUTRAL (ALIGNED)
[2026-04-14T02:52:13.507Z] 📊 LONG 0.009 @ 74627.4 | PnL: $-2.47 (-0.37%) | Market: TRENDING_UP | Score: 53
[2026-04-14T02:52:13.509Z] ✅ Cycle 0.3s | $431.89 | BTC $74345 | Score: 53 LONG
[2026-04-14T03:04:03.160Z] ⚠️ API -4067: Position side cannot be changed if there exists open orders.
[2026-04-14T03:04:03.439Z] 📊 情緒: 大戶持倉比=0.912 帳戶比=0.764 買賣比=1.025 → NEUTRAL (ALIGNED)
[2026-04-14T03:04:03.443Z] 📊 LONG 0.009 @ 74627.4 | PnL: $-3.19 (-0.47%) | Market: TRENDING_UP | Score: 53
[2026-04-14T03:04:03.446Z] ✅ Cycle 0.3s | $431.89 | BTC $74260 | Score: 53 LONG
[2026-04-14T03:12:18.071Z] ⚠️ API -4067: Position side cannot be changed if there exists open orders.
[2026-04-14T03:12:18.309Z] 📊 情緒: 大戶持倉比=0.912 帳戶比=0.764 買賣比=1.025 → NEUTRAL (ALIGNED)
[2026-04-14T03:12:18.311Z] 📊 LONG 0.009 @ 74627.4 | PnL: $-2.41 (-0.36%) | Market: TRENDING_UP | Score: 53
[2026-04-14T03:12:18.312Z] 🔄 平倉: 虧損-0.36%持4h快砂
[2026-04-14T03:12:19.032Z] ✅ 平倉完成 PnL: $-2.41
[2026-04-14T03:12:19.034Z] ✅ Cycle 1.0s | $431.89 | BTC $74360 | Score: 53 LONG
[2026-04-14T03:22:18.486Z] ⚠️ API -4046: No need to change margin type.
[2026-04-14T03:22:18.735Z] 📊 情緒: 大戶持倉比=0.912 帳戶比=0.764 買賣比=1.025 → NEUTRAL (ALIGNED)
[2026-04-14T03:22:18.798Z] 🎯 進場! LONG 0.01 BTCUSDT @ ~74300.9 | Lev:14x | SL:73687.09(-$6.14) | RR 1:3.5 目標:+$21.48 | Score:58 | TREND_PULLBACK | 情緒:➖ | 4H多頭(0.85%), 4H MACD加速↑, 1H EMA多排
[2026-04-14T03:22:18.917Z] ✅ 下單成功 orderId:983573477222 | Lev:14x | RR:1:3.5
[2026-04-14T03:22:18.919Z] ✅ Cycle 0.5s | $429.12 | BTC $74301 | Score: 58 LONG
[2026-04-14T03:32:15.634Z] ⚠️ API -4067: Position side cannot be changed if there exists open orders.
[2026-04-14T03:32:15.882Z] 📊 情緒: 大戶持倉比=0.912 帳戶比=0.764 買賣比=1.025 → NEUTRAL (ALIGNED)
[2026-04-14T03:32:15.886Z] 📊 LONG 0.01 @ 74296.7 | PnL: $0.51 (0.07%) | Market: TRENDING_UP | Score: 58
[2026-04-14T03:32:15.889Z] ✅ Cycle 0.3s | $428.74 | BTC $74347 | Score: 58 LONG
[2026-04-14T03:42:21.643Z] ⚠️ API -4067: Position side cannot be changed if there exists open orders.
[2026-04-14T03:42:21.903Z] 📊 情緒: 大戶持倉比=0.912 帳戶比=0.764 買賣比=1.025 → NEUTRAL (ALIGNED)
[2026-04-14T03:42:21.907Z] 📊 LONG 0.01 @ 74296.7 | PnL: $1.07 (0.14%) | Market: TRENDING_UP | Score: 58
[2026-04-14T03:42:21.909Z] ✅ Cycle 0.3s | $428.74 | BTC $74407 | Score: 58 LONG
[2026-04-14T03:52:18.393Z] ⚠️ API -4067: Position side cannot be changed if there exists open orders.
[2026-04-14T03:52:18.640Z] 📊 情緒: 大戶持倉比=0.912 帳戶比=0.764 買賣比=1.025 → NEUTRAL (ALIGNED)
[2026-04-14T03:52:18.643Z] 📊 LONG 0.01 @ 74296.7 | PnL: $0.86 (0.12%) | Market: TRENDING_UP | Score: 58
[2026-04-14T03:52:18.645Z] ✅ Cycle 0.3s | $428.74 | BTC $74382 | Score: 58 LONG
[2026-04-14T04:02:14.418Z] ⚠️ API -4067: Position side cannot be changed if there exists open orders.
[2026-04-14T04:02:14.666Z] 📊 情緒: 大戶持倉比=0.911 帳戶比=0.755 買賣比=0.993 → NEUTRAL (ALIGNED)
[2026-04-14T04:02:14.670Z] 📊 LONG 0.01 @ 74296.7 | PnL: $0.50 (0.07%) | Market: TRENDING_UP | Score: 48
[2026-04-14T04:02:14.672Z] ✅ Cycle 0.3s | $428.74 | BTC $74347 | Score: 48 LONG
[2026-04-14T04:12:15.397Z] ⚠️ API -4067: Position side cannot be changed if there exists open orders.
[2026-04-14T04:12:15.677Z] 📊 情緒: 大戶持倉比=0.911 帳戶比=0.755 買賣比=0.993 → NEUTRAL (ALIGNED)
[2026-04-14T04:12:15.682Z] 📊 LONG 0.01 @ 74296.7 | PnL: $0.85 (0.11%) | Market: TRENDING_UP | Score: 19
[2026-04-14T04:12:15.684Z] ✅ Cycle 0.3s | $428.74 | BTC $74380 | Score: 19 -
[2026-04-14T04:22:14.395Z] ⚠️ API -4067: Position side cannot be changed if there exists open orders.
[2026-04-14T04:22:14.645Z] 📊 情緒: 大戶持倉比=0.911 帳戶比=0.755 買賣比=0.993 → NEUTRAL (ALIGNED)
[2026-04-14T04:22:14.649Z] 📊 LONG 0.01 @ 74296.7 | PnL: $1.70 (0.23%) | Market: TRENDING_UP | Score: 19
[2026-04-14T04:22:14.651Z] ✅ Cycle 0.3s | $428.74 | BTC $74459 | Score: 19 -
[2026-04-14T04:32:13.621Z] ⚠️ API -4067: Position side cannot be changed if there exists open orders.
[2026-04-14T04:32:13.894Z] 📊 情緒: 大戶持倉比=0.911 帳戶比=0.755 買賣比=0.993 → NEUTRAL (ALIGNED)
[2026-04-14T04:32:13.898Z] 📊 LONG 0.01 @ 74296.7 | PnL: $1.27 (0.17%) | Market: TRENDING_UP | Score: 19
[2026-04-14T04:32:13.900Z] ✅ Cycle 0.3s | $428.74 | BTC $74420 | Score: 19 -
[2026-04-14T04:42:16.155Z] ⚠️ API -4067: Position side cannot be changed if there exists open orders.
[2026-04-14T04:42:16.407Z] 📊 情緒: 大戶持倉比=0.911 帳戶比=0.755 買賣比=0.993 → NEUTRAL (ALIGNED)
[2026-04-14T04:42:16.412Z] 📊 LONG 0.01 @ 74296.7 | PnL: $0.72 (0.10%) | Market: TRENDING_UP | Score: 19
[2026-04-14T04:42:16.414Z] ✅ Cycle 0.3s | $428.74 | BTC $74365 | Score: 19 -
[2026-04-14T04:52:13.266Z] ⚠️ API -4067: Position side cannot be changed if there exists open orders.
[2026-04-14T04:52:13.507Z] 📊 情緒: 大戶持倉比=0.911 帳戶比=0.755 買賣比=0.993 → NEUTRAL (ALIGNED)
[2026-04-14T04:52:13.511Z] 📊 LONG 0.01 @ 74296.7 | PnL: $0.53 (0.07%) | Market: TRENDING_UP | Score: 48
[2026-04-14T04:52:13.513Z] ✅ Cycle 0.3s | $428.74 | BTC $74350 | Score: 48 LONG
[2026-04-14T05:02:15.525Z] ⚠️ API -4067: Position side cannot be changed if there exists open orders.
[2026-04-14T05:02:15.791Z] 📊 情緒: 大戶持倉比=0.908 帳戶比=0.751 買賣比=0.993 → NEUTRAL (ALIGNED)
[2026-04-14T05:02:15.795Z] 📊 LONG 0.01 @ 74296.7 | PnL: $0.19 (0.03%) | Market: TRENDING_UP | Score: 48
[2026-04-14T05:02:15.797Z] ✅ Cycle 0.3s | $428.74 | BTC $74300 | Score: 48 LONG
[2026-04-14T05:12:18.010Z] ⚠️ API -4067: Position side cannot be changed if there exists open orders.
[2026-04-14T05:12:18.254Z] 📊 情緒: 大戶持倉比=0.908 帳戶比=0.751 買賣比=1.010 → NEUTRAL (ALIGNED)
[2026-04-14T05:12:18.258Z] 📊 LONG 0.01 @ 74296.7 | PnL: $0.28 (0.04%) | Market: TRENDING_UP | Score: 48
[2026-04-14T05:12:18.260Z] ✅ Cycle 0.3s | $428.74 | BTC $74325 | Score: 48 LONG
[2026-04-14T05:22:18.780Z] ⚠️ API -4067: Position side cannot be changed if there exists open orders.
[2026-04-14T05:22:19.030Z] 📊 情緒: 大戶持倉比=0.908 帳戶比=0.751 買賣比=1.010 → NEUTRAL (ALIGNED)
[2026-04-14T05:22:19.033Z] 📊 LONG 0.01 @ 74296.7 | PnL: $0.47 (0.06%) | Market: TRENDING_UP | Score: 48
[2026-04-14T05:22:19.035Z] ✅ Cycle 0.3s | $428.74 | BTC $74340 | Score: 48 LONG
[2026-04-14T05:32:15.722Z] ⚠️ API -4067: Position side cannot be changed if there exists open orders.
[2026-04-14T05:32:15.968Z] 📊 情緒: 大戶持倉比=0.908 帳戶比=0.751 買賣比=1.010 → NEUTRAL (ALIGNED)
[2026-04-14T05:32:15.972Z] 📊 LONG 0.01 @ 74296.7 | PnL: $0.07 (0.01%) | Market: TRENDING_UP | Score: 48
[2026-04-14T05:32:15.974Z] ✅ Cycle 0.3s | $428.74 | BTC $74300 | Score: 48 LONG
[2026-04-14T05:42:18.224Z] ⚠️ API -4067: Position side cannot be changed if there exists open orders.
[2026-04-14T05:42:18.500Z] 📊 情緒: 大戶持倉比=0.908 帳戶比=0.751 買賣比=1.010 → NEUTRAL (ALIGNED)
[2026-04-14T05:42:18.504Z] 📊 LONG 0.01 @ 74296.7 | PnL: $-0.40 (-0.05%) | Market: TRENDING_UP | Score: 48
[2026-04-14T05:42:18.506Z] ✅ Cycle 0.3s | $428.74 | BTC $74257 | Score: 48 LONG
[2026-04-14T05:52:15.114Z] ⚠️ API -4067: Position side cannot be changed if there exists open orders.
[2026-04-14T05:52:15.370Z] 📊 情緒: 大戶持倉比=0.908 帳戶比=0.751 買賣比=1.010 → NEUTRAL (ALIGNED)
[2026-04-14T05:52:15.373Z] 📊 LONG 0.01 @ 74296.7 | PnL: $-0.72 (-0.10%) | Market: TRENDING_UP | Score: 48
[2026-04-14T05:52:15.375Z] ✅ Cycle 0.3s | $428.74 | BTC $74224 | Score: 48 LONG
[2026-04-14T06:02:18.327Z] ⚠️ API -4067: Position side cannot be changed if there exists open orders.
[2026-04-14T06:02:18.592Z] 📊 情緒: 大戶持倉比=0.905 帳戶比=0.741 買賣比=0.978 → SHORT (ALIGNED)
[2026-04-14T06:02:18.596Z] 🚫 情緒過濾: 信號LONG vs 大戶情緒SHORT → 跳過
[2026-04-14T06:02:18.596Z] 📊 LONG 0.01 @ 74296.7 | PnL: $-0.27 (-0.04%) | Market: TRENDING_UP | Score: 19
[2026-04-14T06:02:18.598Z] ✅ Cycle 0.3s | $428.74 | BTC $74269 | Score: 19 -
[2026-04-14T06:12:24.345Z] ⚠️ API -4067: Position side cannot be changed if there exists open orders.
[2026-04-14T06:12:24.588Z] 📊 情緒: 大戶持倉比=0.905 帳戶比=0.741 買賣比=0.978 → SHORT (ALIGNED)
[2026-04-14T06:12:24.591Z] 🚫 情緒過濾: 信號LONG vs 大戶情緒SHORT → 跳過
[2026-04-14T06:12:24.592Z] 📊 LONG 0.01 @ 74296.7 | PnL: $-0.13 (-0.02%) | Market: TRENDING_UP | Score: 19
[2026-04-14T06:12:24.594Z] ✅ Cycle 0.3s | $428.74 | BTC $74284 | Score: 19 -
[2026-04-14T06:22:43.578Z] ⚠️ API -4067: Position side cannot be changed if there exists open orders.
[2026-04-14T06:22:43.871Z] 📊 情緒: 大戶持倉比=0.905 帳戶比=0.741 買賣比=0.978 → SHORT (ALIGNED)
[2026-04-14T06:22:43.874Z] ➖ 情緒同向: SHORT — 不加不扣
[2026-04-14T06:22:43.875Z] 📊 LONG 0.01 @ 74296.7 | PnL: $0.73 (0.10%) | Market: TRENDING_UP | Score: 60
[2026-04-14T06:22:43.875Z] 🔄 平倉: 對向轉折確認(3個信號)
[2026-04-14T06:22:44.607Z] ✅ 平倉完成 PnL: $0.73
[2026-04-14T06:22:44.609Z] ✅ Cycle 1.1s | $428.74 | BTC $74377 | Score: 60 SHORT | 底0 頂3
[2026-04-14T06:32:20.965Z] ⚠️ API -4046: No need to change margin type.
[2026-04-14T06:32:21.291Z] 📊 情緒: 大戶持倉比=0.905 帳戶比=0.741 買賣比=0.978 → SHORT (ALIGNED)
[2026-04-14T06:32:21.295Z] ⏭️ 無明確方向 | Buy: 0 | Sell: 14
[2026-04-14T06:32:21.297Z] ✅ Cycle 0.4s | $429.01 | BTC $74349 | Score: 6 - | 底0 頂2
[2026-04-14T06:42:19.597Z] ⚠️ API -4046: No need to change margin type.
[2026-04-14T06:42:19.844Z] 📊 情緒: 大戶持倉比=0.905 帳戶比=0.741 買賣比=0.978 → SHORT (ALIGNED)
[2026-04-14T06:42:19.847Z] ➖ 情緒同向: SHORT — 不加不扣
[2026-04-14T06:42:19.909Z] 🎯 進場! SHORT 0.011 BTCUSDT @ ~74376.7 | Lev:12x | SL:74930.81(-$6.10) | RR 1:4 目標:+$24.38 | Score:60 | REVERSAL_CONFIRM | 確認:3 情緒逆向:➖ | 1H RSI超買70, 4H RSI超買69, 觸及壓力位, ➖情緒同向(大戶SHORT)
[2026-04-14T06:42:20.032Z] ✅ 下單成功 orderId:983715755083 | Lev:12x | RR:1:4
[2026-04-14T06:42:20.034Z] ✅ Cycle 0.5s | $429.01 | BTC $74377 | Score: 60 SHORT | 底0 頂3
[2026-04-14T06:52:16.226Z] ⚠️ API -4067: Position side cannot be changed if there exists open orders.
[2026-04-14T06:52:16.469Z] 📊 情緒: 大戶持倉比=0.905 帳戶比=0.741 買賣比=0.978 → SHORT (ALIGNED)
[2026-04-14T06:52:16.472Z] ➖ 情緒同向: SHORT — 不加不扣
[2026-04-14T06:52:16.473Z] 📊 SHORT 0.011 @ 74376.7 | PnL: $-0.56 (-0.07%) | Market: TRENDING_UP | Score: 60
[2026-04-14T06:52:16.475Z] ✅ Cycle 0.3s | $428.60 | BTC $74426 | Score: 60 SHORT | 底0 頂3
[2026-04-14T07:02:25.120Z] ⚠️ API -4067: Position side cannot be changed if there exists open orders.
[2026-04-14T07:02:25.366Z] 📊 情緒: 大戶持倉比=0.902 帳戶比=0.743 買賣比=1.383 → NEUTRAL (ALIGNED)
[2026-04-14T07:02:25.369Z] 📊 SHORT 0.011 @ 74376.7 | PnL: $-1.27 (-0.16%) | Market: TRENDING_UP | Score: 60
[2026-04-14T07:02:25.372Z] ✅ Cycle 0.3s | $428.60 | BTC $74490 | Score: 60 SHORT | 底0 頂3
[2026-04-14T07:12:22.153Z] ⚠️ API -4067: Position side cannot be changed if there exists open orders.
[2026-04-14T07:12:22.404Z] 📊 情緒: 大戶持倉比=0.902 帳戶比=0.743 買賣比=1.383 → NEUTRAL (ALIGNED)
[2026-04-14T07:12:22.408Z] 📊 SHORT 0.011 @ 74376.7 | PnL: $-3.52 (-0.43%) | Market: TRENDING_UP | Score: 60
[2026-04-14T07:12:22.411Z] ✅ Cycle 0.3s | $428.60 | BTC $74698 | Score: 60 SHORT | 底0 頂3
[2026-04-14T07:22:19.061Z] ⚠️ API -4067: Position side cannot be changed if there exists open orders.
[2026-04-14T07:22:19.320Z] 📊 情緒: 大戶持倉比=0.902 帳戶比=0.743 買賣比=1.383 → NEUTRAL (ALIGNED)
[2026-04-14T07:22:19.323Z] 📊 SHORT 0.011 @ 74376.7 | PnL: $-3.21 (-0.39%) | Market: TRENDING_UP | Score: 60
[2026-04-14T07:22:19.329Z] ✅ Cycle 0.4s | $428.60 | BTC $74663 | Score: 60 SHORT | 底0 頂3
[2026-04-14T07:32:21.127Z] ⚠️ API -4067: Position side cannot be changed if there exists open orders.
[2026-04-14T07:32:21.374Z] 📊 情緒: 大戶持倉比=0.902 帳戶比=0.743 買賣比=1.383 → NEUTRAL (ALIGNED)
[2026-04-14T07:32:21.377Z] 📊 SHORT 0.011 @ 74376.7 | PnL: $-2.05 (-0.25%) | Market: TRENDING_UP | Score: 75
[2026-04-14T07:32:21.380Z] ✅ Cycle 0.3s | $428.60 | BTC $74564 | Score: 75 SHORT | 底0 頂4
[2026-04-14T07:42:34.410Z] ⚠️ API -4067: Position side cannot be changed if there exists open orders.
[2026-04-14T07:42:34.653Z] 📊 情緒: 大戶持倉比=0.902 帳戶比=0.743 買賣比=1.383 → NEUTRAL (ALIGNED)
[2026-04-14T07:42:34.657Z] 📊 SHORT 0.011 @ 74376.7 | PnL: $-1.25 (-0.15%) | Market: TRENDING_UP | Score: 75
[2026-04-14T07:42:34.659Z] ✅ Cycle 0.3s | $428.60 | BTC $74486 | Score: 75 SHORT | 底0 頂4
[2026-04-14T07:53:03.519Z] ⚠️ API -4067: Position side cannot be changed if there exists open orders.
[2026-04-14T07:53:03.858Z] 📊 情緒: 大戶持倉比=0.902 帳戶比=0.743 買賣比=1.383 → NEUTRAL (ALIGNED)
[2026-04-14T07:53:03.862Z] 📊 SHORT 0.011 @ 74376.7 | PnL: $-1.01 (-0.12%) | Market: TRENDING_UP | Score: 75
[2026-04-14T07:53:03.865Z] ✅ Cycle 0.4s | $428.60 | BTC $74465 | Score: 75 SHORT | 底0 頂4
[2026-04-14T08:02:40.972Z] ⚠️ API -4067: Position side cannot be changed if there exists open orders.
[2026-04-14T08:02:41.231Z] 📊 情緒: 大戶持倉比=0.902 帳戶比=0.734 買賣比=1.383 → NEUTRAL (ALIGNED)
[2026-04-14T08:02:41.234Z] 📊 SHORT 0.011 @ 74376.7 | PnL: $-0.59 (-0.07%) | Market: TRENDING_UP | Score: 60
[2026-04-14T08:02:41.236Z] ✅ Cycle 0.3s | $428.62 | BTC $74450 | Score: 60 SHORT | 底0 頂3
[2026-04-14T08:12:29.191Z] ⚠️ API -4067: Position side cannot be changed if there exists open orders.
[2026-04-14T08:12:29.442Z] 📊 情緒: 大戶持倉比=0.902 帳戶比=0.734 買賣比=1.173 → NEUTRAL (ALIGNED)
[2026-04-14T08:12:29.445Z] 📊 SHORT 0.011 @ 74376.7 | PnL: $-1.61 (-0.20%) | Market: TRENDING_UP | Score: 60
[2026-04-14T08:12:29.448Z] ✅ Cycle 0.3s | $428.62 | BTC $74523 | Score: 60 SHORT | 底1 頂3
[2026-04-14T08:22:26.590Z] ⚠️ API -4067: Position side cannot be changed if there exists open orders.
[2026-04-14T08:22:26.859Z] 📊 情緒: 大戶持倉比=0.902 帳戶比=0.734 買賣比=1.173 → NEUTRAL (ALIGNED)
[2026-04-14T08:22:26.864Z] 📊 SHORT 0.011 @ 74376.7 | PnL: $-1.03 (-0.13%) | Market: TRENDING_UP | Score: 60
[2026-04-14T08:22:26.866Z] ✅ Cycle 0.3s | $428.62 | BTC $74465 | Score: 60 SHORT | 底0 頂3
[2026-04-14T08:32:26.345Z] ⚠️ API -4067: Position side cannot be changed if there exists open orders.
[2026-04-14T08:32:26.593Z] 📊 情緒: 大戶持倉比=0.902 帳戶比=0.734 買賣比=1.173 → NEUTRAL (ALIGNED)
[2026-04-14T08:32:26.596Z] 📊 SHORT 0.011 @ 74376.7 | PnL: $-3.26 (-0.40%) | Market: TRENDING_UP | Score: 60
[2026-04-14T08:32:26.599Z] ✅ Cycle 0.3s | $428.62 | BTC $74673 | Score: 60 SHORT | 底0 頂3
[2026-04-14T08:42:47.294Z] ⚠️ API -4067: Position side cannot be changed if there exists open orders.
[2026-04-14T08:42:47.576Z] 📊 情緒: 大戶持倉比=0.902 帳戶比=0.734 買賣比=1.173 → NEUTRAL (ALIGNED)
[2026-04-14T08:42:47.580Z] 📊 SHORT 0.011 @ 74376.7 | PnL: $-3.34 (-0.41%) | Market: TRENDING_UP | Score: 60
[2026-04-14T08:42:47.582Z] ✅ Cycle 0.3s | $428.62 | BTC $74679 | Score: 60 SHORT | 底0 頂3
[2026-04-14T08:52:33.969Z] ⚠️ API -4067: Position side cannot be changed if there exists open orders.
[2026-04-14T08:52:34.226Z] 📊 情緒: 大戶持倉比=0.902 帳戶比=0.734 買賣比=1.173 → NEUTRAL (ALIGNED)
[2026-04-14T08:52:34.230Z] 📊 SHORT 0.011 @ 74376.7 | PnL: $-4.71 (-0.58%) | Market: TRENDING_UP | Score: 60
[2026-04-14T08:52:34.233Z] ✅ Cycle 0.3s | $428.62 | BTC $74803 | Score: 60 SHORT | 底0 頂3
[2026-04-14T09:02:35.208Z] ⚠️ API -4067: Position side cannot be changed if there exists open orders.
[2026-04-14T09:02:35.462Z] 📊 情緒: 大戶持倉比=0.904 帳戶比=0.734 買賣比=1.158 → NEUTRAL (ALIGNED)
[2026-04-14T09:02:35.466Z] 📊 SHORT 0.011 @ 74376.7 | PnL: $-4.10 (-0.50%) | Market: TRENDING_UP | Score: 60
[2026-04-14T09:02:35.468Z] ✅ Cycle 0.3s | $428.62 | BTC $74752 | Score: 60 SHORT | 底0 頂3
[2026-04-14T09:12:43.573Z] ⚠️ API -4067: Position side cannot be changed if there exists open orders.
[2026-04-14T09:12:43.810Z] 📊 情緒: 大戶持倉比=0.904 帳戶比=0.737 買賣比=1.158 → NEUTRAL (ALIGNED)
[2026-04-14T09:12:43.814Z] 📊 SHORT 0.011 @ 74376.7 | PnL: $-3.68 (-0.45%) | Market: TRENDING_UP | Score: 60
[2026-04-14T09:12:43.816Z] ✅ Cycle 0.3s | $428.62 | BTC $74703 | Score: 60 SHORT | 底1 頂3
[2026-04-14T09:20:47.516Z] ⚠️ API -4067: Position side cannot be changed if there exists open orders.
[2026-04-14T09:20:47.760Z] 📊 情緒: 大戶持倉比=0.904 帳戶比=0.737 買賣比=1.158 → NEUTRAL (ALIGNED)
[2026-04-14T09:20:47.763Z] 📊 SHORT 0.011 @ 74376.7 | PnL: $-3.79 (-0.46%) | Market: TRENDING_UP | Score: 15
[2026-04-14T09:20:47.764Z] 🔄 平倉: 對向轉折確認(3個信號)
[2026-04-14T09:20:48.486Z] ✅ 平倉完成 PnL: $-3.79
[2026-04-14T09:20:48.488Z] ✅ Cycle 1.0s | $428.62 | BTC $74721 | Score: 15 - | 底3 頂0
