[2026-04-11T10:00:00.966Z] 🔍 掃描 Binance Futures 動能...

📊 動能排名:
  ✅ 1. ARBUSDT: score=5.94 | vol=0.10B | vol%=12.89% | chg=3.71%
  ✅ 2. SOLUSDT: score=2.01 | vol=1.33B | vol%=3.13% | chg=1.14%
     3. DOTUSDT: score=1.91 | vol=0.06B | vol%=4.16% | chg=1.08%
     4. DOGEUSDT: score=1.72 | vol=0.46B | vol%=3.52% | chg=0.62%
     5. AVAXUSDT: score=1.55 | vol=0.12B | vol%=3.63% | chg=0.27%
     6. LINKUSDT: score=1.28 | vol=0.09B | vol%=2.77% | chg=0.69%
     7. XRPUSDT: score=1.20 | vol=0.41B | vol%=2.28% | chg=0.65%
     8. BNBUSDT: score=0.96 | vol=0.20B | vol%=1.77% | chg=0.82%

🎯 本輪: BTCUSDT, ARBUSDT, SOLUSDT
[2026-04-11T16:00:01.108Z] 🔍 掃描 Binance Futures 動能...

📊 動能排名:
  ✅ 1. ARBUSDT: score=6.16 | vol=0.10B | vol%=12.79% | chg=5.02%
  ✅ 2. DOTUSDT: score=2.29 | vol=0.05B | vol%=4.51% | chg=2.30%
     3. AVAXUSDT: score=1.86 | vol=0.10B | vol%=4.09% | chg=0.92%
     4. DOGEUSDT: score=1.58 | vol=0.36B | vol%=3.35% | chg=0.50%
     5. SOLUSDT: score=1.39 | vol=0.96B | vol%=2.28% | chg=0.50%
     6. LINKUSDT: score=1.10 | vol=0.06B | vol%=2.56% | chg=0.24%
     7. XRPUSDT: score=0.95 | vol=0.35B | vol%=2.00% | chg=0.05%
     8. BNBUSDT: score=0.63 | vol=0.16B | vol%=1.21% | chg=0.42%

🎯 本輪: BTCUSDT, ARBUSDT, DOTUSDT
[2026-04-11T22:00:00.488Z] 🔍 掃描 Binance Futures 動能...

📊 動能排名:
  ✅ 1. ARBUSDT: score=4.11 | vol=0.10B | vol%=8.50% | chg=3.36%
  ✅ 2. DOTUSDT: score=1.98 | vol=0.06B | vol%=4.12% | chg=1.52%
     3. AVAXUSDT: score=1.91 | vol=0.10B | vol%=4.64% | chg=0.09%
     4. LINKUSDT: score=1.63 | vol=0.07B | vol%=3.82% | chg=0.34%
     5. SOLUSDT: score=1.61 | vol=1.03B | vol%=2.96% | chg=0.09%
     6. DOGEUSDT: score=1.40 | vol=0.37B | vol%=2.92% | chg=0.42%
     7. XRPUSDT: score=1.27 | vol=0.39B | vol%=2.70% | chg=0.14%
     8. BNBUSDT: score=0.87 | vol=0.18B | vol%=1.80% | chg=0.39%

🎯 本輪: BTCUSDT, ARBUSDT, DOTUSDT
