[2026-04-11T10:00:55.800Z] 🚀 賺錢機 v5 啟動（分批低買高賣 + 社群情緒）
[2026-04-11T10:00:56.333Z] 📈 BTC/TWD: 2322010 | 24H: +1.52%
[2026-04-11T10:00:56.334Z] 🔍 判斷: SELL_ZONE (buy=0.5 sell=3.0) | RSI=58 | 觸及BB上軌
[2026-04-11T10:00:56.721Z] 💰 TWD: 6773 | BTC: 0.00055971 (≈NT$1300)
[2026-04-11T10:00:56.721Z] 📊 持倉均價: 2301514 | 浮盈: 0.89% | 批次: 1/3
[2026-04-11T10:00:56.723Z] 📤 分批賣出: 0.00027986 BTC @ ~2322010 | 獲利了結(淨+0.65%)
[2026-04-11T10:00:57.114Z] ✅ 賣出成功 | 獲利: +NT$4 (0.65%)
[2026-04-11T10:00:58.014Z] 📊 主控版已更新
[2026-04-11T10:00:58.015Z] ✅ 本輪完成（賣出）
[2026-04-11T11:00:42.077Z] 🚀 賺錢機 v5 啟動（分批低買高賣 + 社群情緒）
[2026-04-11T11:00:42.594Z] 📈 BTC/TWD: 2319280.9 | 24H: +1.24%
[2026-04-11T11:00:42.595Z] 🔍 判斷: NEUTRAL (buy=0.5 sell=1.5) | RSI=53 | BB中高區, MACD多方衰減
[2026-04-11T11:00:42.986Z] 💰 TWD: 7422 | BTC: 0.00027985 (≈NT$649)
[2026-04-11T11:00:42.986Z] 📊 持倉均價: 2301514 | 浮盈: 0.77% | 批次: 1/3
[2026-04-11T11:00:42.988Z] 📈 淨利+0.53%，等更高再賣
[2026-04-11T11:00:42.988Z] ⏳ 等待... BB中高區, MACD多方衰減
[2026-04-11T11:00:43.404Z] 📊 主控版已更新
[2026-04-11T11:00:43.404Z] ✅ 本輪完成
[2026-04-11T12:00:59.843Z] 🚀 賺錢機 v5 啟動（分批低買高賣 + 社群情緒）
[2026-04-11T12:01:00.460Z] 📈 BTC/TWD: 2322078.6 | 24H: +1.10%
[2026-04-11T12:01:00.461Z] 🔍 判斷: SLIGHT_SELL (buy=0.5 sell=2.0) | RSI=58 | 靠近BB上軌
[2026-04-11T12:01:00.850Z] 💰 TWD: 7422 | BTC: 0.00027985 (≈NT$650)
[2026-04-11T12:01:00.850Z] 📊 持倉均價: 2301514 | 浮盈: 0.89% | 批次: 1/3
[2026-04-11T12:01:00.851Z] 📈 淨利+0.65%，等更高再賣
[2026-04-11T12:01:00.852Z] ⏳ 等待... 靠近BB上軌
[2026-04-11T12:01:01.270Z] 📊 主控版已更新
[2026-04-11T12:01:01.271Z] ✅ 本輪完成
[2026-04-11T13:01:09.848Z] 🚀 賺錢機 v5 啟動（分批低買高賣 + 社群情緒）
[2026-04-11T13:01:10.671Z] 📈 BTC/TWD: 2320976 | 24H: +0.86%
[2026-04-11T13:01:10.672Z] 🔍 判斷: NEUTRAL (buy=1.0 sell=0.5) | RSI=58 | MACD多方衰減
[2026-04-11T13:01:11.069Z] 💰 TWD: 7422 | BTC: 0.00027985 (≈NT$650)
[2026-04-11T13:01:11.070Z] 📊 持倉均價: 2301514 | 浮盈: 0.85% | 批次: 1/3
[2026-04-11T13:01:11.071Z] 📈 淨利+0.61%，等更高再賣
[2026-04-11T13:01:11.071Z] ⏳ 等待... MACD多方衰減
[2026-04-11T13:01:11.504Z] 📊 主控版已更新
[2026-04-11T13:01:11.505Z] ✅ 本輪完成
[2026-04-11T14:02:15.838Z] 🚀 賺錢機 v5 啟動（分批低買高賣 + 社群情緒）
[2026-04-11T14:02:16.589Z] 📈 BTC/TWD: 2313408.5 | 24H: +0.40%
[2026-04-11T14:02:16.590Z] 🔍 判斷: BUY_ZONE (buy=3.0 sell=0.0) | RSI=41 | RSI中性偏低41, 靠近BB下軌
[2026-04-11T14:02:16.951Z] 💰 TWD: 7422 | BTC: 0.00027985 (≈NT$647)
[2026-04-11T14:02:16.951Z] 📊 持倉均價: 2301514 | 浮盈: 0.52% | 批次: 1/3
[2026-04-11T14:02:16.953Z] 📈 比上批高0.52%，等回調再加碼
[2026-04-11T14:02:16.953Z] ⏳ 等待... RSI中性偏低41, 靠近BB下軌
[2026-04-11T14:02:17.391Z] 📊 主控版已更新
[2026-04-11T14:02:17.392Z] ✅ 本輪完成
[2026-04-11T15:01:41.676Z] 🚀 賺錢機 v5 啟動（分批低買高賣 + 社群情緒）
[2026-04-11T15:01:42.198Z] 📈 BTC/TWD: 2316215.2 | 24H: -0.24%
[2026-04-11T15:01:42.199Z] 🔍 判斷: NEUTRAL (buy=1.5 sell=0.0) | RSI=47 | RSI中性偏低47, MACD空方收斂
[2026-04-11T15:01:42.599Z] 💰 TWD: 7422 | BTC: 0.00027985 (≈NT$648)
[2026-04-11T15:01:42.599Z] 📊 持倉均價: 2301514 | 浮盈: 0.64% | 批次: 1/3
[2026-04-11T15:01:42.600Z] 📈 淨利+0.40%，等更高再賣
[2026-04-11T15:01:42.600Z] 📈 比上批高0.64%，等回調再加碼
[2026-04-11T15:01:42.601Z] ⏳ 等待... RSI中性偏低47, MACD空方收斂
[2026-04-11T15:01:43.076Z] 📊 主控版已更新
[2026-04-11T15:01:43.077Z] ✅ 本輪完成
[2026-04-11T16:01:01.285Z] 🚀 賺錢機 v5 啟動（分批低買高賣 + 社群情緒）
[2026-04-11T16:01:02.322Z] 📈 BTC/TWD: 2320363.5 | 24H: +0.59%
[2026-04-11T16:01:02.323Z] 🔍 判斷: SLIGHT_BUY (buy=2.0 sell=1.0) | RSI=56 | BB中高區, 15M金叉
[2026-04-11T16:01:02.729Z] 💰 TWD: 7422 | BTC: 0.00027985 (≈NT$649)
[2026-04-11T16:01:02.729Z] 📊 持倉均價: 2301514 | 浮盈: 0.82% | 批次: 1/3
[2026-04-11T16:01:02.730Z] 📈 淨利+0.58%，等更高再賣
[2026-04-11T16:01:02.730Z] 📈 比上批高0.82%，等回調再加碼
[2026-04-11T16:01:02.731Z] ⏳ 等待... BB中高區, 15M金叉
[2026-04-11T16:01:03.150Z] 📊 主控版已更新
[2026-04-11T16:01:03.150Z] ✅ 本輪完成
[2026-04-11T17:00:49.653Z] 🚀 賺錢機 v5 啟動（分批低買高賣 + 社群情緒）
[2026-04-11T17:00:50.174Z] 📈 BTC/TWD: 2325487.3 | 24H: +0.08%
[2026-04-11T17:00:50.175Z] 🔍 判斷: SLIGHT_SELL (buy=1.0 sell=2.0) | RSI=63 | 靠近BB上軌
[2026-04-11T17:00:50.588Z] 💰 TWD: 7422 | BTC: 0.00027985 (≈NT$651)
[2026-04-11T17:00:50.588Z] 📊 持倉均價: 2301514 | 浮盈: 1.04% | 批次: 1/3
[2026-04-11T17:00:50.589Z] 📈 淨利+0.80%，等更高再賣
[2026-04-11T17:00:50.590Z] ⏳ 等待... 靠近BB上軌
[2026-04-11T17:00:50.991Z] 📊 主控版已更新
[2026-04-11T17:00:50.991Z] ✅ 本輪完成
[2026-04-11T18:00:47.511Z] 🚀 賺錢機 v5 啟動（分批低買高賣 + 社群情緒）
[2026-04-11T18:00:48.053Z] 📈 BTC/TWD: 2325720.2 | 24H: -0.14%
[2026-04-11T18:00:48.054Z] 🔍 判斷: NEUTRAL (buy=1.0 sell=1.5) | RSI=60 | BB中高區, MACD多方衰減
[2026-04-11T18:00:48.426Z] 💰 TWD: 7422 | BTC: 0.00027985 (≈NT$651)
[2026-04-11T18:00:48.427Z] 📊 持倉均價: 2301514 | 浮盈: 1.05% | 批次: 1/3
[2026-04-11T18:00:48.428Z] 📈 淨利+0.81%，等更高再賣
[2026-04-11T18:00:48.428Z] ⏳ 等待... BB中高區, MACD多方衰減
[2026-04-11T18:00:48.892Z] 📊 主控版已更新
[2026-04-11T18:00:48.893Z] ✅ 本輪完成
[2026-04-11T19:00:59.368Z] 🚀 賺錢機 v5 啟動（分批低買高賣 + 社群情緒）
[2026-04-11T19:00:59.969Z] 📈 BTC/TWD: 2342556.6 | 24H: +0.64%
[2026-04-11T19:00:59.970Z] 🔍 判斷: SELL_ZONE (buy=1.0 sell=6.5) | RSI=78 | RSI超買78, 觸及BB上軌, 1H強勢↑(注意回調)
[2026-04-11T19:01:00.451Z] 💰 TWD: 7422 | BTC: 0.00027985 (≈NT$656)
[2026-04-11T19:01:00.452Z] 📊 持倉均價: 2301514 | 浮盈: 1.78% | 批次: 1/3
[2026-04-11T19:01:00.453Z] 📤 分批賣出: 0.00027985 BTC @ ~2342556.6 | 極強賣出信號，全部獲利了結
[2026-04-11T19:01:00.891Z] ✅ 賣出成功 | 獲利: +NT$10 (1.54%)
[2026-04-11T19:01:01.394Z] 📭 持倉已清空，重置批次
[2026-04-11T19:01:01.818Z] 📊 主控版已更新
[2026-04-11T19:01:01.818Z] ✅ 本輪完成（賣出）
[2026-04-11T20:00:58.315Z] 🚀 賺錢機 v5 啟動（分批低買高賣 + 社群情緒）
[2026-04-11T20:00:59.180Z] 📈 BTC/TWD: 2343961.4 | 24H: +0.55%
[2026-04-11T20:00:59.182Z] 🔍 判斷: SELL_ZONE (buy=1.0 sell=6.0) | RSI=79 | RSI超買79, 靠近BB上軌, MACD多方衰減
[2026-04-11T20:00:59.562Z] 💰 TWD: 9075 | BTC: 0.00000000 (≈NT$0)
[2026-04-11T20:00:59.563Z] ⏳ 等待... RSI超買79, 靠近BB上軌, MACD多方衰減
[2026-04-11T20:00:59.991Z] 📊 主控版已更新
[2026-04-11T20:00:59.991Z] ✅ 本輪完成
[2026-04-11T21:00:57.248Z] 🚀 賺錢機 v5 啟動（分批低買高賣 + 社群情緒）
[2026-04-11T21:00:58.032Z] 📈 BTC/TWD: 2334121.4 | 24H: -0.04%
[2026-04-11T21:00:58.033Z] 🔍 判斷: NEUTRAL (buy=1.0 sell=0.5) | RSI=56 | 1H強勢↑(注意回調)
[2026-04-11T21:00:58.454Z] 💰 TWD: 9075 | BTC: 0.00000000 (≈NT$0)
[2026-04-11T21:00:58.455Z] ⏳ 等待... 1H強勢↑(注意回調)
[2026-04-11T21:00:58.844Z] 📊 主控版已更新
[2026-04-11T21:00:58.845Z] ✅ 本輪完成
[2026-04-11T22:01:55.978Z] 🚀 賺錢機 v5 啟動（分批低買高賣 + 社群情緒）
[2026-04-11T22:01:56.607Z] 📈 BTC/TWD: 2334134.2 | 24H: +0.17%
[2026-04-11T22:01:56.608Z] 🔍 判斷: NEUTRAL (buy=1.0 sell=0.5) | RSI=54 | 1H強勢↑(注意回調)
[2026-04-11T22:01:56.998Z] 💰 TWD: 9075 | BTC: 0.00000000 (≈NT$0)
[2026-04-11T22:01:56.999Z] ⏳ 等待... 1H強勢↑(注意回調)
[2026-04-11T22:01:57.419Z] 📊 主控版已更新
[2026-04-11T22:01:57.419Z] ✅ 本輪完成
[2026-04-12T00:10:01.695Z] 🚀 賺錢機 v5 啟動（分批低買高賣 + 社群情緒）
[2026-04-12T00:10:02.299Z] 📈 BTC/TWD: 2322489.6 | 24H: +0.19%
[2026-04-12T00:10:02.300Z] 🔍 判斷: BUY_ZONE (buy=7.0 sell=0.5) | RSI=39 | RSI回調39, 靠近BB下軌, MACD空方收斂
[2026-04-12T00:10:02.693Z] 💰 TWD: 9075 | BTC: 0.00000000 (≈NT$0)
[2026-04-12T00:10:02.694Z] 📥 分批買入 第1/3批: NT$2476 @ ~2322489.6 | 強買入(7.0)
[2026-04-12T00:10:03.474Z] ✅ 買入成功 | 均價: 2326212 | 持有: 0.00106439 BTC (NT$2476)
[2026-04-12T00:10:04.025Z] 📊 主控版已更新
[2026-04-12T00:10:04.026Z] ✅ 本輪完成
[2026-04-12T01:00:56.339Z] 🚀 賺錢機 v5 啟動（分批低買高賣 + 社群情緒）
[2026-04-12T01:00:57.008Z] 📈 BTC/TWD: 2324830.3 | 24H: +0.33%
[2026-04-12T01:00:57.009Z] 🔍 判斷: SLIGHT_BUY (buy=2.0 sell=0.5) | RSI=44 | RSI中性偏低44, BB中低區, MACD空方收斂
[2026-04-12T01:00:57.525Z] 💰 TWD: 6611 | BTC: 0.00105926 (≈NT$2463)
[2026-04-12T01:00:57.525Z] 📊 持倉均價: 2326212 | 浮盈: -0.06% | 批次: 1/3
[2026-04-12T01:00:57.526Z] 📊 持倉 -0.06%(淨-0.30%) 未達獲利點
[2026-04-12T01:00:57.527Z] 🧊 距離上批跌幅不足 0.8%，不追單
[2026-04-12T01:00:57.527Z] ⏳ 等待... RSI中性偏低44, BB中低區, MACD空方收斂
[2026-04-12T01:00:57.901Z] 📊 主控版已更新
[2026-04-12T01:00:57.902Z] ✅ 本輪完成
[2026-04-12T02:10:16.335Z] 🚀 賺錢機 v5 啟動（分批低買高賣 + 社群情緒）
[2026-04-12T02:10:17.022Z] 📈 BTC/TWD: 2281772.1 | 24H: -1.69%
[2026-04-12T02:10:17.023Z] 🔍 判斷: BUY_ZONE (buy=7.5 sell=1.0) | RSI=16 | RSI極度超賣16, 觸及BB下軌, 1H弱勢↓(注意反彈)
[2026-04-12T02:10:17.428Z] 💰 TWD: 6611 | BTC: 0.00105926 (≈NT$2417)
[2026-04-12T02:10:17.428Z] 📊 持倉均價: 2326212 | 浮盈: -1.91% | 批次: 1/3
[2026-04-12T02:10:17.429Z] 📊 持倉 -1.91%(淨-2.15%) 未達獲利點
[2026-04-12T02:10:17.430Z] 📥 分批買入 第2/3批: NT$2075 @ ~2281772.1 | 強買入(7.5) +加碼(跌1.8%)
[2026-04-12T02:10:18.160Z] ✅ 買入成功 | 均價: 2307438 | 持有: 0.00197232 BTC (NT$4551)
[2026-04-12T02:10:18.534Z] 📊 主控版已更新
[2026-04-12T02:10:18.535Z] ✅ 本輪完成
[2026-04-12T03:07:10.353Z] 🚀 賺錢機 v5 啟動（分批低買高賣 + 社群情緒）
[2026-04-12T03:07:11.020Z] 📈 BTC/TWD: 2287987.4 | 24H: -1.54%
[2026-04-12T03:07:11.022Z] 🔍 判斷: BUY_ZONE (buy=6.0 sell=1.0) | RSI=29 | RSI超賣29, 靠近BB下軌, MACD空方收斂
[2026-04-12T03:07:11.523Z] 💰 TWD: 4547 | BTC: 0.00196262 (≈NT$4490)
[2026-04-12T03:07:11.524Z] 📊 持倉均價: 2307438 | 浮盈: -0.84% | 批次: 2/3
[2026-04-12T03:07:11.525Z] 📊 持倉 -0.84%(淨-1.08%) 未達獲利點
[2026-04-12T03:07:11.525Z] 📈 比上批高0.27%，等回調再加碼
[2026-04-12T03:07:11.525Z] ⏳ 等待... RSI超賣29, 靠近BB下軌, MACD空方收斂
[2026-04-12T03:07:12.067Z] 📊 主控版已更新
[2026-04-12T03:07:12.068Z] ✅ 本輪完成
[2026-04-12T03:17:02.235Z] 🚀 賺錢機 v5 啟動（分批低買高賣 + 社群情緒）
[2026-04-12T03:17:02.944Z] 📈 BTC/TWD: 2284000 | 24H: -1.78%
[2026-04-12T03:17:02.945Z] 🔍 判斷: BUY_ZONE (buy=6.0 sell=1.0) | RSI=25 | RSI超賣25, 靠近BB下軌, MACD空方收斂
[2026-04-12T03:17:03.460Z] 💰 TWD: 4547 | BTC: 0.00196262 (≈NT$4483)
[2026-04-12T03:17:03.460Z] 📊 持倉均價: 2307438 | 浮盈: -1.02% | 批次: 2/3
[2026-04-12T03:17:03.461Z] 📊 持倉 -1.02%(淨-1.26%) 未達獲利點
[2026-04-12T03:17:03.462Z] 🧊 距離上批跌幅不足 0.8%，不追單
[2026-04-12T03:17:03.462Z] ⏳ 等待... RSI超賣25, 靠近BB下軌, MACD空方收斂
[2026-04-12T03:17:03.861Z] 📊 主控版已更新
[2026-04-12T03:17:03.862Z] ✅ 本輪完成
[2026-04-12T04:06:59.366Z] 🚀 賺錢機 v5 啟動（分批低買高賣 + 社群情緒）
[2026-04-12T04:06:59.933Z] 📈 BTC/TWD: 2281858.4 | 24H: -1.60%
[2026-04-12T04:06:59.934Z] 🔍 判斷: BUY_ZONE (buy=5.0 sell=1.0) | RSI=26 | RSI超賣26, BB中低區, MACD空方收斂
[2026-04-12T04:07:00.319Z] 💰 TWD: 4547 | BTC: 0.00196262 (≈NT$4478)
[2026-04-12T04:07:00.319Z] 📊 持倉均價: 2307438 | 浮盈: -1.11% | 批次: 2/3
[2026-04-12T04:07:00.321Z] 📊 持倉 -1.11%(淨-1.35%) 未達獲利點
[2026-04-12T04:07:00.321Z] 🧊 距離上批跌幅不足 0.8%，不追單
[2026-04-12T04:07:00.321Z] ⏳ 等待... RSI超賣26, BB中低區, MACD空方收斂
[2026-04-12T04:07:00.852Z] 📊 主控版已更新
[2026-04-12T04:07:00.853Z] ✅ 本輪完成
[2026-04-12T05:01:59.352Z] 🚀 賺錢機 v5 啟動（分批低買高賣 + 社群情緒）
[2026-04-12T05:01:59.932Z] 📈 BTC/TWD: 2275407.5 | 24H: -1.85%
[2026-04-12T05:01:59.933Z] 🔍 判斷: BUY_ZONE (buy=6.0 sell=1.0) | RSI=21 | RSI極度超賣21, BB中低區, MACD空方收斂
[2026-04-12T05:02:00.381Z] 💰 TWD: 4547 | BTC: 0.00196262 (≈NT$4466)
[2026-04-12T05:02:00.382Z] 📊 持倉均價: 2307438 | 浮盈: -1.39% | 批次: 2/3
[2026-04-12T05:02:00.383Z] 📊 持倉 -1.39%(淨-1.63%) 未達獲利點
[2026-04-12T05:02:00.384Z] 🧊 距離上批跌幅不足 0.8%，不追單
[2026-04-12T05:02:00.384Z] ⏳ 等待... RSI極度超賣21, BB中低區, MACD空方收斂
[2026-04-12T05:02:00.923Z] 📊 主控版已更新
[2026-04-12T05:02:00.924Z] ✅ 本輪完成
[2026-04-12T06:02:29.646Z] 🚀 賺錢機 v5 啟動（分批低買高賣 + 社群情緒）
[2026-04-12T06:02:30.256Z] 📈 BTC/TWD: 2283328.1 | 24H: -1.36%
[2026-04-12T06:02:30.257Z] 🔍 判斷: SLIGHT_BUY (buy=2.0 sell=1.0) | RSI=36 | RSI回調36, 1H弱勢↓(注意反彈)
[2026-04-12T06:02:30.712Z] 💰 TWD: 4547 | BTC: 0.00196262 (≈NT$4481)
[2026-04-12T06:02:30.712Z] 📊 持倉均價: 2307438 | 浮盈: -1.04% | 批次: 2/3
[2026-04-12T06:02:30.713Z] 📊 持倉 -1.04%(淨-1.28%) 未達獲利點
[2026-04-12T06:02:30.714Z] 🧊 距離上批跌幅不足 0.8%，不追單
[2026-04-12T06:02:30.714Z] ⏳ 等待... RSI回調36, 1H弱勢↓(注意反彈)
[2026-04-12T06:02:31.203Z] 📊 主控版已更新
[2026-04-12T06:02:31.204Z] ✅ 本輪完成
